<?xml version="1.0" encoding="UTF-8"?>
<coverage generated="1741431257">
  <project timestamp="1741431257">
    <package name="Html\Command">
      <file name="/home/erik-poehler/Sites/ExtendedHTMLDocument/src/Command/CreateClassCommand.php">
        <class name="Html\Command\CreateClassCommand" namespace="Html\Command">
          <metrics complexity="61" methods="14" coveredmethods="0" conditionals="0" coveredconditionals="0" statements="213" coveredstatements="0" elements="227" coveredelements="0"/>
        </class>
        <line num="25" type="method" name="__invoke" visibility="public" complexity="5" crap="30" count="0"/>
        <line num="27" type="stmt" count="0"/>
        <line num="29" type="stmt" count="0"/>
        <line num="31" type="stmt" count="0"/>
        <line num="32" type="stmt" count="0"/>
        <line num="33" type="stmt" count="0"/>
        <line num="34" type="stmt" count="0"/>
        <line num="36" type="stmt" count="0"/>
        <line num="37" type="stmt" count="0"/>
        <line num="39" type="stmt" count="0"/>
        <line num="41" type="stmt" count="0"/>
        <line num="42" type="stmt" count="0"/>
        <line num="43" type="stmt" count="0"/>
        <line num="44" type="stmt" count="0"/>
        <line num="47" type="stmt" count="0"/>
        <line num="49" type="stmt" count="0"/>
        <line num="51" type="stmt" count="0"/>
        <line num="52" type="stmt" count="0"/>
        <line num="53" type="stmt" count="0"/>
        <line num="54" type="stmt" count="0"/>
        <line num="55" type="stmt" count="0"/>
        <line num="56" type="stmt" count="0"/>
        <line num="57" type="stmt" count="0"/>
        <line num="58" type="stmt" count="0"/>
        <line num="59" type="stmt" count="0"/>
        <line num="60" type="stmt" count="0"/>
        <line num="61" type="stmt" count="0"/>
        <line num="63" type="stmt" count="0"/>
        <line num="65" type="stmt" count="0"/>
        <line num="66" type="stmt" count="0"/>
        <line num="67" type="stmt" count="0"/>
        <line num="68" type="stmt" count="0"/>
        <line num="69" type="stmt" count="0"/>
        <line num="71" type="stmt" count="0"/>
        <line num="72" type="stmt" count="0"/>
        <line num="73" type="stmt" count="0"/>
        <line num="74" type="stmt" count="0"/>
        <line num="75" type="stmt" count="0"/>
        <line num="76" type="stmt" count="0"/>
        <line num="77" type="stmt" count="0"/>
        <line num="78" type="stmt" count="0"/>
        <line num="79" type="stmt" count="0"/>
        <line num="80" type="stmt" count="0"/>
        <line num="81" type="stmt" count="0"/>
        <line num="82" type="stmt" count="0"/>
        <line num="83" type="stmt" count="0"/>
        <line num="84" type="stmt" count="0"/>
        <line num="85" type="stmt" count="0"/>
        <line num="86" type="stmt" count="0"/>
        <line num="87" type="stmt" count="0"/>
        <line num="89" type="stmt" count="0"/>
        <line num="90" type="stmt" count="0"/>
        <line num="91" type="stmt" count="0"/>
        <line num="92" type="stmt" count="0"/>
        <line num="94" type="stmt" count="0"/>
        <line num="97" type="stmt" count="0"/>
        <line num="100" type="method" name="resolveParents" visibility="public" complexity="2" crap="6" count="0"/>
        <line num="102" type="stmt" count="0"/>
        <line num="103" type="stmt" count="0"/>
        <line num="104" type="stmt" count="0"/>
        <line num="105" type="stmt" count="0"/>
        <line num="106" type="stmt" count="0"/>
        <line num="107" type="stmt" count="0"/>
        <line num="108" type="stmt" count="0"/>
        <line num="109" type="stmt" count="0"/>
        <line num="110" type="stmt" count="0"/>
        <line num="112" type="stmt" count="0"/>
        <line num="115" type="method" name="resolveChildren" visibility="public" complexity="2" crap="6" count="0"/>
        <line num="117" type="stmt" count="0"/>
        <line num="118" type="stmt" count="0"/>
        <line num="119" type="stmt" count="0"/>
        <line num="120" type="stmt" count="0"/>
        <line num="121" type="stmt" count="0"/>
        <line num="122" type="stmt" count="0"/>
        <line num="123" type="stmt" count="0"/>
        <line num="125" type="stmt" count="0"/>
        <line num="128" type="method" name="configure" visibility="public" complexity="1" crap="2" count="0"/>
        <line num="130" type="stmt" count="0"/>
        <line num="131" type="stmt" count="0"/>
        <line num="132" type="stmt" count="0"/>
        <line num="133" type="stmt" count="0"/>
        <line num="136" type="method" name="findElementsByChild" visibility="private" complexity="4" crap="20" count="0"/>
        <line num="138" type="stmt" count="0"/>
        <line num="139" type="stmt" count="0"/>
        <line num="140" type="stmt" count="0"/>
        <line num="141" type="stmt" count="0"/>
        <line num="143" type="stmt" count="0"/>
        <line num="144" type="stmt" count="0"/>
        <line num="147" type="stmt" count="0"/>
        <line num="150" type="method" name="createClassFile" visibility="private" complexity="1" crap="2" count="0"/>
        <line num="153" type="stmt" count="0"/>
        <line num="154" type="stmt" count="0"/>
        <line num="155" type="stmt" count="0"/>
        <line num="157" type="stmt" count="0"/>
        <line num="158" type="stmt" count="0"/>
        <line num="161" type="method" name="getMethods" visibility="private" complexity="3" crap="12" count="0"/>
        <line num="163" type="stmt" count="0"/>
        <line num="164" type="stmt" count="0"/>
        <line num="165" type="stmt" count="0"/>
        <line num="166" type="stmt" count="0"/>
        <line num="167" type="stmt" count="0"/>
        <line num="168" type="stmt" count="0"/>
        <line num="169" type="stmt" count="0"/>
        <line num="170" type="stmt" count="0"/>
        <line num="171" type="stmt" count="0"/>
        <line num="172" type="stmt" count="0"/>
        <line num="182" type="stmt" count="0"/>
        <line num="183" type="stmt" count="0"/>
        <line num="184" type="stmt" count="0"/>
        <line num="185" type="stmt" count="0"/>
        <line num="186" type="stmt" count="0"/>
        <line num="187" type="stmt" count="0"/>
        <line num="188" type="stmt" count="0"/>
        <line num="189" type="stmt" count="0"/>
        <line num="190" type="stmt" count="0"/>
        <line num="191" type="stmt" count="0"/>
        <line num="192" type="stmt" count="0"/>
        <line num="193" type="stmt" count="0"/>
        <line num="194" type="stmt" count="0"/>
        <line num="195" type="stmt" count="0"/>
        <line num="197" type="stmt" count="0"/>
        <line num="206" type="stmt" count="0"/>
        <line num="207" type="stmt" count="0"/>
        <line num="208" type="stmt" count="0"/>
        <line num="209" type="stmt" count="0"/>
        <line num="210" type="stmt" count="0"/>
        <line num="211" type="stmt" count="0"/>
        <line num="212" type="stmt" count="0"/>
        <line num="213" type="stmt" count="0"/>
        <line num="214" type="stmt" count="0"/>
        <line num="215" type="stmt" count="0"/>
        <line num="216" type="stmt" count="0"/>
        <line num="217" type="stmt" count="0"/>
        <line num="220" type="stmt" count="0"/>
        <line num="223" type="method" name="getAttributes" visibility="private" complexity="3" crap="12" count="0"/>
        <line num="225" type="stmt" count="0"/>
        <line num="226" type="stmt" count="0"/>
        <line num="227" type="stmt" count="0"/>
        <line num="228" type="stmt" count="0"/>
        <line num="229" type="stmt" count="0"/>
        <line num="230" type="stmt" count="0"/>
        <line num="231" type="stmt" count="0"/>
        <line num="232" type="stmt" count="0"/>
        <line num="233" type="stmt" count="0"/>
        <line num="234" type="stmt" count="0"/>
        <line num="235" type="stmt" count="0"/>
        <line num="238" type="stmt" count="0"/>
        <line num="239" type="stmt" count="0"/>
        <line num="240" type="stmt" count="0"/>
        <line num="241" type="stmt" count="0"/>
        <line num="242" type="stmt" count="0"/>
        <line num="243" type="stmt" count="0"/>
        <line num="244" type="stmt" count="0"/>
        <line num="245" type="stmt" count="0"/>
        <line num="247" type="stmt" count="0"/>
        <line num="250" type="method" name="toVariableName" visibility="private" complexity="1" crap="2" count="0"/>
        <line num="252" type="stmt" count="0"/>
        <line num="253" type="stmt" count="0"/>
        <line num="254" type="stmt" count="0"/>
        <line num="255" type="stmt" count="0"/>
        <line num="258" type="method" name="toKebapCase" visibility="private" complexity="1" crap="2" count="0"/>
        <line num="260" type="stmt" count="0"/>
        <line num="261" type="stmt" count="0"/>
        <line num="262" type="stmt" count="0"/>
        <line num="265" type="method" name="getAttributeComment" visibility="private" complexity="7" crap="56" count="0"/>
        <line num="267" type="stmt" count="0"/>
        <line num="268" type="stmt" count="0"/>
        <line num="269" type="stmt" count="0"/>
        <line num="270" type="stmt" count="0"/>
        <line num="271" type="stmt" count="0"/>
        <line num="273" type="stmt" count="0"/>
        <line num="274" type="stmt" count="0"/>
        <line num="276" type="stmt" count="0"/>
        <line num="277" type="stmt" count="0"/>
        <line num="279" type="stmt" count="0"/>
        <line num="281" type="stmt" count="0"/>
        <line num="282" type="stmt" count="0"/>
        <line num="284" type="stmt" count="0"/>
        <line num="287" type="stmt" count="0"/>
        <line num="290" type="method" name="getUseStatements" visibility="private" complexity="5" crap="30" count="0"/>
        <line num="292" type="stmt" count="0"/>
        <line num="294" type="stmt" count="0"/>
        <line num="295" type="stmt" count="0"/>
        <line num="296" type="stmt" count="0"/>
        <line num="297" type="stmt" count="0"/>
        <line num="298" type="stmt" count="0"/>
        <line num="299" type="stmt" count="0"/>
        <line num="301" type="stmt" count="0"/>
        <line num="302" type="stmt" count="0"/>
        <line num="303" type="stmt" count="0"/>
        <line num="304" type="stmt" count="0"/>
        <line num="305" type="stmt" count="0"/>
        <line num="306" type="stmt" count="0"/>
        <line num="307" type="stmt" count="0"/>
        <line num="309" type="stmt" count="0"/>
        <line num="311" type="stmt" count="0"/>
        <line num="314" type="method" name="mapToPhpType" visibility="private" complexity="24" crap="600" count="0"/>
        <line num="316" type="stmt" count="0"/>
        <line num="317" type="stmt" count="0"/>
        <line num="318" type="stmt" count="0"/>
        <line num="319" type="stmt" count="0"/>
        <line num="320" type="stmt" count="0"/>
        <line num="321" type="stmt" count="0"/>
        <line num="322" type="stmt" count="0"/>
        <line num="323" type="stmt" count="0"/>
        <line num="324" type="stmt" count="0"/>
        <line num="325" type="stmt" count="0"/>
        <line num="326" type="stmt" count="0"/>
        <line num="327" type="stmt" count="0"/>
        <line num="328" type="stmt" count="0"/>
        <line num="329" type="stmt" count="0"/>
        <line num="330" type="stmt" count="0"/>
        <line num="331" type="stmt" count="0"/>
        <line num="332" type="stmt" count="0"/>
        <line num="333" type="stmt" count="0"/>
        <line num="334" type="stmt" count="0"/>
        <line num="335" type="stmt" count="0"/>
        <line num="336" type="stmt" count="0"/>
        <line num="337" type="stmt" count="0"/>
        <line num="338" type="stmt" count="0"/>
        <line num="339" type="stmt" count="0"/>
        <line num="340" type="stmt" count="0"/>
        <line num="343" type="method" name="getClassName" visibility="private" complexity="2" crap="6" count="0"/>
        <line num="345" type="stmt" count="0"/>
        <line num="346" type="stmt" count="0"/>
        <line num="347" type="stmt" count="0"/>
        <line num="349" type="stmt" count="0"/>
        <metrics loc="352" ncloc="335" classes="1" methods="14" coveredmethods="0" conditionals="0" coveredconditionals="0" statements="213" coveredstatements="0" elements="227" coveredelements="0"/>
      </file>
      <file name="/home/erik-poehler/Sites/ExtendedHTMLDocument/src/Command/CreateEnumCommand.php">
        <class name="Html\Command\CreateEnumCommand" namespace="Html\Command">
          <metrics complexity="14" methods="5" coveredmethods="0" conditionals="0" coveredconditionals="0" statements="141" coveredstatements="0" elements="146" coveredelements="0"/>
        </class>
        <line num="19" type="method" name="__invoke" visibility="public" complexity="4" crap="20" count="0"/>
        <line num="21" type="stmt" count="0"/>
        <line num="23" type="stmt" count="0"/>
        <line num="24" type="stmt" count="0"/>
        <line num="25" type="stmt" count="0"/>
        <line num="26" type="stmt" count="0"/>
        <line num="29" type="stmt" count="0"/>
        <line num="31" type="stmt" count="0"/>
        <line num="33" type="stmt" count="0"/>
        <line num="34" type="stmt" count="0"/>
        <line num="36" type="stmt" count="0"/>
        <line num="37" type="stmt" count="0"/>
        <line num="38" type="stmt" count="0"/>
        <line num="39" type="stmt" count="0"/>
        <line num="40" type="stmt" count="0"/>
        <line num="41" type="stmt" count="0"/>
        <line num="42" type="stmt" count="0"/>
        <line num="45" type="stmt" count="0"/>
        <line num="46" type="stmt" count="0"/>
        <line num="47" type="stmt" count="0"/>
        <line num="48" type="stmt" count="0"/>
        <line num="49" type="stmt" count="0"/>
        <line num="50" type="stmt" count="0"/>
        <line num="51" type="stmt" count="0"/>
        <line num="52" type="stmt" count="0"/>
        <line num="53" type="stmt" count="0"/>
        <line num="55" type="stmt" count="0"/>
        <line num="56" type="stmt" count="0"/>
        <line num="57" type="stmt" count="0"/>
        <line num="58" type="stmt" count="0"/>
        <line num="62" type="stmt" count="0"/>
        <line num="65" type="method" name="configure" visibility="public" complexity="1" crap="2" count="0"/>
        <line num="67" type="stmt" count="0"/>
        <line num="68" type="stmt" count="0"/>
        <line num="69" type="stmt" count="0"/>
        <line num="70" type="stmt" count="0"/>
        <line num="75" type="method" name="findEnumAttributes" visibility="private" complexity="6" crap="42" count="0"/>
        <line num="77" type="stmt" count="0"/>
        <line num="79" type="stmt" count="0"/>
        <line num="80" type="stmt" count="0"/>
        <line num="81" type="stmt" count="0"/>
        <line num="82" type="stmt" count="0"/>
        <line num="83" type="stmt" count="0"/>
        <line num="90" type="stmt" count="0"/>
        <line num="93" type="method" name="createEnumFile" visibility="private" complexity="1" crap="2" count="0"/>
        <line num="96" type="stmt" count="0"/>
        <line num="97" type="stmt" count="0"/>
        <line num="98" type="stmt" count="0"/>
        <line num="100" type="stmt" count="0"/>
        <line num="101" type="stmt" count="0"/>
        <line num="104" type="method" name="getClassName" visibility="private" complexity="2" crap="6" count="0"/>
        <line num="106" type="stmt" count="0"/>
        <line num="107" type="stmt" count="0"/>
        <line num="108" type="stmt" count="0"/>
        <line num="109" type="stmt" count="0"/>
        <line num="110" type="stmt" count="0"/>
        <line num="111" type="stmt" count="0"/>
        <line num="112" type="stmt" count="0"/>
        <line num="113" type="stmt" count="0"/>
        <line num="114" type="stmt" count="0"/>
        <line num="115" type="stmt" count="0"/>
        <line num="116" type="stmt" count="0"/>
        <line num="117" type="stmt" count="0"/>
        <line num="118" type="stmt" count="0"/>
        <line num="119" type="stmt" count="0"/>
        <line num="120" type="stmt" count="0"/>
        <line num="121" type="stmt" count="0"/>
        <line num="122" type="stmt" count="0"/>
        <line num="123" type="stmt" count="0"/>
        <line num="124" type="stmt" count="0"/>
        <line num="125" type="stmt" count="0"/>
        <line num="126" type="stmt" count="0"/>
        <line num="127" type="stmt" count="0"/>
        <line num="128" type="stmt" count="0"/>
        <line num="129" type="stmt" count="0"/>
        <line num="130" type="stmt" count="0"/>
        <line num="131" type="stmt" count="0"/>
        <line num="132" type="stmt" count="0"/>
        <line num="133" type="stmt" count="0"/>
        <line num="134" type="stmt" count="0"/>
        <line num="135" type="stmt" count="0"/>
        <line num="136" type="stmt" count="0"/>
        <line num="137" type="stmt" count="0"/>
        <line num="138" type="stmt" count="0"/>
        <line num="139" type="stmt" count="0"/>
        <line num="140" type="stmt" count="0"/>
        <line num="141" type="stmt" count="0"/>
        <line num="142" type="stmt" count="0"/>
        <line num="143" type="stmt" count="0"/>
        <line num="144" type="stmt" count="0"/>
        <line num="145" type="stmt" count="0"/>
        <line num="146" type="stmt" count="0"/>
        <line num="147" type="stmt" count="0"/>
        <line num="148" type="stmt" count="0"/>
        <line num="149" type="stmt" count="0"/>
        <line num="150" type="stmt" count="0"/>
        <line num="151" type="stmt" count="0"/>
        <line num="152" type="stmt" count="0"/>
        <line num="153" type="stmt" count="0"/>
        <line num="154" type="stmt" count="0"/>
        <line num="155" type="stmt" count="0"/>
        <line num="156" type="stmt" count="0"/>
        <line num="157" type="stmt" count="0"/>
        <line num="158" type="stmt" count="0"/>
        <line num="159" type="stmt" count="0"/>
        <line num="160" type="stmt" count="0"/>
        <line num="161" type="stmt" count="0"/>
        <line num="162" type="stmt" count="0"/>
        <line num="163" type="stmt" count="0"/>
        <line num="164" type="stmt" count="0"/>
        <line num="165" type="stmt" count="0"/>
        <line num="166" type="stmt" count="0"/>
        <line num="167" type="stmt" count="0"/>
        <line num="168" type="stmt" count="0"/>
        <line num="169" type="stmt" count="0"/>
        <line num="170" type="stmt" count="0"/>
        <line num="171" type="stmt" count="0"/>
        <line num="172" type="stmt" count="0"/>
        <line num="173" type="stmt" count="0"/>
        <line num="174" type="stmt" count="0"/>
        <line num="175" type="stmt" count="0"/>
        <line num="176" type="stmt" count="0"/>
        <line num="177" type="stmt" count="0"/>
        <line num="178" type="stmt" count="0"/>
        <line num="179" type="stmt" count="0"/>
        <line num="180" type="stmt" count="0"/>
        <line num="181" type="stmt" count="0"/>
        <line num="182" type="stmt" count="0"/>
        <line num="183" type="stmt" count="0"/>
        <line num="184" type="stmt" count="0"/>
        <line num="185" type="stmt" count="0"/>
        <line num="186" type="stmt" count="0"/>
        <line num="187" type="stmt" count="0"/>
        <line num="188" type="stmt" count="0"/>
        <line num="189" type="stmt" count="0"/>
        <line num="190" type="stmt" count="0"/>
        <line num="191" type="stmt" count="0"/>
        <line num="192" type="stmt" count="0"/>
        <line num="193" type="stmt" count="0"/>
        <line num="194" type="stmt" count="0"/>
        <line num="195" type="stmt" count="0"/>
        <line num="196" type="stmt" count="0"/>
        <line num="197" type="stmt" count="0"/>
        <line num="198" type="stmt" count="0"/>
        <line num="199" type="stmt" count="0"/>
        <line num="201" type="stmt" count="0"/>
        <metrics loc="204" ncloc="190" classes="1" methods="5" coveredmethods="0" conditionals="0" coveredconditionals="0" statements="141" coveredstatements="0" elements="146" coveredelements="0"/>
      </file>
      <file name="/home/erik-poehler/Sites/ExtendedHTMLDocument/src/Command/CreateJsonCommand.php">
        <class name="Html\Command\CreateJsonCommand" namespace="Html\Command">
          <metrics complexity="2" methods="1" coveredmethods="0" conditionals="0" coveredconditionals="0" statements="11" coveredstatements="0" elements="12" coveredelements="0"/>
        </class>
        <line num="19" type="method" name="__invoke" visibility="public" complexity="2" crap="6" count="0"/>
        <line num="21" type="stmt" count="0"/>
        <line num="23" type="stmt" count="0"/>
        <line num="24" type="stmt" count="0"/>
        <line num="26" type="stmt" count="0"/>
        <line num="27" type="stmt" count="0"/>
        <line num="28" type="stmt" count="0"/>
        <line num="31" type="stmt" count="0"/>
        <line num="32" type="stmt" count="0"/>
        <line num="34" type="stmt" count="0"/>
        <line num="35" type="stmt" count="0"/>
        <line num="37" type="stmt" count="0"/>
        <metrics loc="40" ncloc="34" classes="1" methods="1" coveredmethods="0" conditionals="0" coveredconditionals="0" statements="11" coveredstatements="0" elements="12" coveredelements="0"/>
      </file>
    </package>
    <package name="Html\Delegator">
      <file name="/home/erik-poehler/Sites/ExtendedHTMLDocument/src/Delegator/DOMNodeDelegator.php">
        <class name="Html\Delegator\DOMNodeDelegator" namespace="Html\Delegator">
          <metrics complexity="12" methods="5" coveredmethods="4" conditionals="0" coveredconditionals="0" statements="32" coveredstatements="30" elements="37" coveredelements="34"/>
        </class>
        <line num="12" type="method" name="__construct" visibility="public" complexity="1" crap="1" count="12"/>
        <line num="15" type="stmt" count="12"/>
        <line num="17" type="method" name="__call" visibility="public" complexity="5" crap="5.15" count="2"/>
        <line num="20" type="stmt" count="2"/>
        <line num="21" type="stmt" count="0"/>
        <line num="22" type="stmt" count="0"/>
        <line num="26" type="stmt" count="2"/>
        <line num="27" type="stmt" count="2"/>
        <line num="28" type="stmt" count="1"/>
        <line num="29" type="stmt" count="1"/>
        <line num="30" type="stmt" count="1"/>
        <line num="32" type="stmt" count="1"/>
        <line num="33" type="stmt" count="1"/>
        <line num="34" type="stmt" count="1"/>
        <line num="37" type="method" name="__get" visibility="public" complexity="3" crap="3" count="8"/>
        <line num="39" type="stmt" count="8"/>
        <line num="40" type="stmt" count="7"/>
        <line num="43" type="stmt" count="5"/>
        <line num="44" type="stmt" count="5"/>
        <line num="45" type="stmt" count="4"/>
        <line num="46" type="stmt" count="4"/>
        <line num="47" type="stmt" count="4"/>
        <line num="49" type="stmt" count="1"/>
        <line num="50" type="stmt" count="1"/>
        <line num="51" type="stmt" count="1"/>
        <line num="54" type="method" name="__set" visibility="public" complexity="2" crap="2" count="3"/>
        <line num="56" type="stmt" count="3"/>
        <line num="57" type="stmt" count="3"/>
        <line num="58" type="stmt" count="2"/>
        <line num="59" type="stmt" count="2"/>
        <line num="60" type="stmt" count="2"/>
        <line num="61" type="stmt" count="2"/>
        <line num="63" type="stmt" count="1"/>
        <line num="64" type="stmt" count="1"/>
        <line num="65" type="stmt" count="1"/>
        <line num="68" type="method" name="getDomNode" visibility="public" complexity="1" crap="1" count="1"/>
        <line num="70" type="stmt" count="1"/>
        <metrics loc="73" ncloc="72" classes="1" methods="5" coveredmethods="4" conditionals="0" coveredconditionals="0" statements="32" coveredstatements="30" elements="37" coveredelements="34"/>
      </file>
      <file name="/home/erik-poehler/Sites/ExtendedHTMLDocument/src/Delegator/DOMNodeListDelegator.php">
        <class name="Html\Delegator\DOMNodeListDelegator" namespace="Html\Delegator">
          <metrics complexity="5" methods="3" coveredmethods="3" conditionals="0" coveredconditionals="0" statements="11" coveredstatements="11" elements="14" coveredelements="14"/>
        </class>
        <line num="72" type="method" name="__construct" visibility="public" complexity="1" crap="1" count="9"/>
        <line num="74" type="stmt" count="9"/>
        <line num="77" type="method" name="__call" visibility="public" complexity="2" crap="2" count="5"/>
        <line num="79" type="stmt" count="5"/>
        <line num="80" type="stmt" count="5"/>
        <line num="81" type="stmt" count="4"/>
        <line num="82" type="stmt" count="4"/>
        <line num="83" type="stmt" count="4"/>
        <line num="85" type="stmt" count="1"/>
        <line num="86" type="stmt" count="1"/>
        <line num="87" type="stmt" count="1"/>
        <line num="90" type="method" name="item" visibility="public" complexity="2" crap="2" count="3"/>
        <line num="92" type="stmt" count="3"/>
        <line num="93" type="stmt" count="3"/>
        <metrics loc="96" ncloc="39" classes="1" methods="3" coveredmethods="3" conditionals="0" coveredconditionals="0" statements="11" coveredstatements="11" elements="14" coveredelements="14"/>
      </file>
      <file name="/home/erik-poehler/Sites/ExtendedHTMLDocument/src/Delegator/HTMLDocumentDelegator.php">
        <class name="Html\Delegator\HTMLDocumentDelegator" namespace="Html\Delegator">
          <metrics complexity="15" methods="10" coveredmethods="10" conditionals="0" coveredconditionals="0" statements="37" coveredstatements="37" elements="47" coveredelements="47"/>
        </class>
        <line num="54" type="method" name="__construct" visibility="public" complexity="1" crap="1" count="78"/>
        <line num="57" type="stmt" count="78"/>
        <line num="59" type="method" name="__call" visibility="public" complexity="4" crap="4" count="17"/>
        <line num="62" type="stmt" count="17"/>
        <line num="63" type="stmt" count="15"/>
        <line num="64" type="stmt" count="5"/>
        <line num="68" type="stmt" count="17"/>
        <line num="69" type="stmt" count="17"/>
        <line num="70" type="stmt" count="17"/>
        <line num="71" type="stmt" count="17"/>
        <line num="72" type="stmt" count="17"/>
        <line num="75" type="stmt" count="1"/>
        <line num="76" type="stmt" count="1"/>
        <line num="77" type="stmt" count="1"/>
        <line num="80" type="method" name="__get" visibility="public" complexity="2" crap="2" count="8"/>
        <line num="82" type="stmt" count="8"/>
        <line num="83" type="stmt" count="8"/>
        <line num="84" type="stmt" count="8"/>
        <line num="85" type="stmt" count="8"/>
        <line num="86" type="stmt" count="8"/>
        <line num="89" type="stmt" count="1"/>
        <line num="90" type="stmt" count="1"/>
        <line num="91" type="stmt" count="1"/>
        <line num="94" type="method" name="__set" visibility="public" complexity="2" crap="2" count="2"/>
        <line num="96" type="stmt" count="2"/>
        <line num="97" type="stmt" count="2"/>
        <line num="98" type="stmt" count="1"/>
        <line num="99" type="stmt" count="1"/>
        <line num="100" type="stmt" count="1"/>
        <line num="101" type="stmt" count="1"/>
        <line num="104" type="stmt" count="1"/>
        <line num="105" type="stmt" count="1"/>
        <line num="106" type="stmt" count="1"/>
        <line num="109" type="method" name="__toString" visibility="public" complexity="1" crap="1" count="1"/>
        <line num="111" type="stmt" count="1"/>
        <line num="114" type="method" name="createEmpty" visibility="public" complexity="1" crap="1" count="78"/>
        <line num="116" type="stmt" count="78"/>
        <line num="119" type="method" name="createFromString" visibility="public" complexity="1" crap="1" count="2"/>
        <line num="121" type="stmt" count="2"/>
        <line num="124" type="method" name="createFromFile" visibility="public" complexity="1" crap="1" count="1"/>
        <line num="126" type="stmt" count="1"/>
        <line num="129" type="method" name="createElement" visibility="public" complexity="1" crap="1" count="19"/>
        <line num="131" type="stmt" count="19"/>
        <line num="132" type="stmt" count="19"/>
        <line num="135" type="method" name="getElementsByTagName" visibility="public" complexity="1" crap="1" count="3"/>
        <line num="137" type="stmt" count="3"/>
        <line num="138" type="stmt" count="3"/>
        <metrics loc="141" ncloc="101" classes="1" methods="10" coveredmethods="10" conditionals="0" coveredconditionals="0" statements="37" coveredstatements="37" elements="47" coveredelements="47"/>
      </file>
      <file name="/home/erik-poehler/Sites/ExtendedHTMLDocument/src/Delegator/HTMLElementDelegator.php">
        <class name="Html\Delegator\HTMLElementDelegator" namespace="Html\Delegator">
          <metrics complexity="37" methods="15" coveredmethods="14" conditionals="0" coveredconditionals="0" statements="81" coveredstatements="80" elements="96" coveredelements="94"/>
        </class>
        <line num="42" type="method" name="__construct" visibility="public" complexity="1" crap="1" count="56"/>
        <line num="44" type="stmt" count="56"/>
        <line num="47" type="method" name="__call" visibility="public" complexity="2" crap="2" count="2"/>
        <line num="49" type="stmt" count="2"/>
        <line num="50" type="stmt" count="2"/>
        <line num="51" type="stmt" count="1"/>
        <line num="52" type="stmt" count="1"/>
        <line num="53" type="stmt" count="1"/>
        <line num="55" type="stmt" count="1"/>
        <line num="56" type="stmt" count="1"/>
        <line num="57" type="stmt" count="1"/>
        <line num="60" type="method" name="__get" visibility="public" complexity="3" crap="3" count="18"/>
        <line num="62" type="stmt" count="18"/>
        <line num="63" type="stmt" count="6"/>
        <line num="66" type="stmt" count="12"/>
        <line num="67" type="stmt" count="12"/>
        <line num="68" type="stmt" count="10"/>
        <line num="69" type="stmt" count="10"/>
        <line num="70" type="stmt" count="10"/>
        <line num="73" type="stmt" count="2"/>
        <line num="74" type="stmt" count="2"/>
        <line num="75" type="stmt" count="2"/>
        <line num="78" type="method" name="__set" visibility="public" complexity="9" crap="9" count="10"/>
        <line num="80" type="stmt" count="10"/>
        <line num="81" type="stmt" count="1"/>
        <line num="84" type="stmt" count="10"/>
        <line num="85" type="stmt" count="2"/>
        <line num="88" type="stmt" count="10"/>
        <line num="90" type="stmt" count="2"/>
        <line num="91" type="stmt" count="2"/>
        <line num="92" type="stmt" count="2"/>
        <line num="93" type="stmt" count="2"/>
        <line num="94" type="stmt" count="2"/>
        <line num="95" type="stmt" count="2"/>
        <line num="96" type="stmt" count="2"/>
        <line num="97" type="stmt" count="2"/>
        <line num="98" type="stmt" count="2"/>
        <line num="101" type="stmt" count="0"/>
        <line num="105" type="stmt" count="10"/>
        <line num="106" type="stmt" count="10"/>
        <line num="107" type="stmt" count="7"/>
        <line num="108" type="stmt" count="7"/>
        <line num="109" type="stmt" count="7"/>
        <line num="110" type="stmt" count="7"/>
        <line num="112" type="stmt" count="3"/>
        <line num="113" type="stmt" count="3"/>
        <line num="119" type="method" name="__toString" visibility="public" complexity="1" crap="1" count="1"/>
        <line num="122" type="stmt" count="1"/>
        <line num="126" type="method" name="setAttribute" visibility="public" complexity="10" crap="10" count="14"/>
        <line num="128" type="stmt" count="14"/>
        <line num="130" type="stmt" count="9"/>
        <line num="131" type="stmt" count="9"/>
        <line num="132" type="stmt" count="9"/>
        <line num="133" type="stmt" count="9"/>
        <line num="134" type="stmt" count="9"/>
        <line num="135" type="stmt" count="1"/>
        <line num="136" type="stmt" count="1"/>
        <line num="137" type="stmt" count="1"/>
        <line num="138" type="stmt" count="1"/>
        <line num="141" type="stmt" count="8"/>
        <line num="144" type="stmt" count="14"/>
        <line num="145" type="stmt" count="5"/>
        <line num="147" type="stmt" count="14"/>
        <line num="148" type="stmt" count="1"/>
        <line num="151" type="stmt" count="14"/>
        <line num="152" type="stmt" count="1"/>
        <line num="153" type="stmt" count="1"/>
        <line num="154" type="stmt" count="1"/>
        <line num="156" type="stmt" count="13"/>
        <line num="157" type="stmt" count="13"/>
        <line num="160" type="method" name="getAttribute" visibility="public" complexity="2" crap="2" count="12"/>
        <line num="162" type="stmt" count="12"/>
        <line num="163" type="stmt" count="6"/>
        <line num="165" type="stmt" count="6"/>
        <line num="168" type="method" name="setAttributes" visibility="public" complexity="2" crap="2" count="4"/>
        <line num="171" type="stmt" count="4"/>
        <line num="172" type="stmt" count="4"/>
        <line num="173" type="stmt" count="4"/>
        <line num="175" type="stmt" count="4"/>
        <line num="179" type="method" name="create" visibility="public" complexity="1" crap="1" count="37"/>
        <line num="181" type="stmt" count="37"/>
        <line num="182" type="stmt" count="37"/>
        <line num="183" type="stmt" count="37"/>
        <line num="184" type="stmt" count="37"/>
        <line num="190" type="method" name="isUniquePerParent" visibility="public" complexity="1" crap="1" count="1"/>
        <line num="192" type="stmt" count="1"/>
        <line num="198" type="method" name="isUnique" visibility="public" complexity="1" crap="1" count="1"/>
        <line num="200" type="stmt" count="1"/>
        <line num="206" type="method" name="isSelfClosing" visibility="public" complexity="1" crap="1" count="1"/>
        <line num="208" type="stmt" count="1"/>
        <line num="214" type="method" name="getQualifiedName" visibility="public" complexity="1" crap="1" count="38"/>
        <line num="216" type="stmt" count="38"/>
        <line num="222" type="method" name="childOf" visibility="public" complexity="1" crap="1" count="2"/>
        <line num="224" type="stmt" count="2"/>
        <line num="230" type="method" name="parentOf" visibility="public" complexity="1" crap="1" count="2"/>
        <line num="232" type="stmt" count="2"/>
        <metrics loc="235" ncloc="189" classes="1" methods="15" coveredmethods="14" conditionals="0" coveredconditionals="0" statements="81" coveredstatements="80" elements="96" coveredelements="94"/>
      </file>
    </package>
    <package name="Html\Element\Block">
      <file name="/home/erik-poehler/Sites/ExtendedHTMLDocument/src/Element/Block/Article.php">
        <class name="Html\Element\Block\Article" namespace="Html\Element\Block">
          <metrics complexity="0" methods="0" coveredmethods="0" conditionals="0" coveredconditionals="0" statements="0" coveredstatements="0" elements="0" coveredelements="0"/>
        </class>
        <metrics loc="83" ncloc="57" classes="0" methods="0" coveredmethods="0" conditionals="0" coveredconditionals="0" statements="0" coveredstatements="0" elements="0" coveredelements="0"/>
      </file>
      <file name="/home/erik-poehler/Sites/ExtendedHTMLDocument/src/Element/Block/Aside.php">
        <class name="Html\Element\Block\Aside" namespace="Html\Element\Block">
          <metrics complexity="0" methods="0" coveredmethods="0" conditionals="0" coveredconditionals="0" statements="0" coveredstatements="0" elements="0" coveredelements="0"/>
        </class>
        <metrics loc="194" ncloc="166" classes="0" methods="0" coveredmethods="0" conditionals="0" coveredconditionals="0" statements="0" coveredstatements="0" elements="0" coveredelements="0"/>
      </file>
      <file name="/home/erik-poehler/Sites/ExtendedHTMLDocument/src/Element/Block/Audio.php">
        <class name="Html\Element\Block\Audio" namespace="Html\Element\Block">
          <metrics complexity="14" methods="14" coveredmethods="0" conditionals="0" coveredconditionals="0" statements="23" coveredstatements="0" elements="37" coveredelements="0"/>
        </class>
        <line num="95" type="method" name="setAutoplay" visibility="public" complexity="1" crap="2" count="0"/>
        <line num="97" type="stmt" count="0"/>
        <line num="98" type="stmt" count="0"/>
        <line num="101" type="method" name="getAutoplay" visibility="public" complexity="1" crap="2" count="0"/>
        <line num="103" type="stmt" count="0"/>
        <line num="106" type="method" name="setControls" visibility="public" complexity="1" crap="2" count="0"/>
        <line num="108" type="stmt" count="0"/>
        <line num="109" type="stmt" count="0"/>
        <line num="112" type="method" name="getControls" visibility="public" complexity="1" crap="2" count="0"/>
        <line num="114" type="stmt" count="0"/>
        <line num="117" type="method" name="setCrossorigin" visibility="public" complexity="1" crap="2" count="0"/>
        <line num="119" type="stmt" count="0"/>
        <line num="120" type="stmt" count="0"/>
        <line num="121" type="stmt" count="0"/>
        <line num="124" type="method" name="getCrossorigin" visibility="public" complexity="1" crap="2" count="0"/>
        <line num="126" type="stmt" count="0"/>
        <line num="129" type="method" name="setLoop" visibility="public" complexity="1" crap="2" count="0"/>
        <line num="131" type="stmt" count="0"/>
        <line num="132" type="stmt" count="0"/>
        <line num="135" type="method" name="getLoop" visibility="public" complexity="1" crap="2" count="0"/>
        <line num="137" type="stmt" count="0"/>
        <line num="140" type="method" name="setMuted" visibility="public" complexity="1" crap="2" count="0"/>
        <line num="142" type="stmt" count="0"/>
        <line num="143" type="stmt" count="0"/>
        <line num="146" type="method" name="getMuted" visibility="public" complexity="1" crap="2" count="0"/>
        <line num="148" type="stmt" count="0"/>
        <line num="151" type="method" name="setPreload" visibility="public" complexity="1" crap="2" count="0"/>
        <line num="153" type="stmt" count="0"/>
        <line num="154" type="stmt" count="0"/>
        <line num="155" type="stmt" count="0"/>
        <line num="158" type="method" name="getPreload" visibility="public" complexity="1" crap="2" count="0"/>
        <line num="160" type="stmt" count="0"/>
        <line num="163" type="method" name="setSrc" visibility="public" complexity="1" crap="2" count="0"/>
        <line num="165" type="stmt" count="0"/>
        <line num="166" type="stmt" count="0"/>
        <line num="169" type="method" name="getSrc" visibility="public" complexity="1" crap="2" count="0"/>
        <line num="171" type="stmt" count="0"/>
        <metrics loc="176" ncloc="137" classes="1" methods="14" coveredmethods="0" conditionals="0" coveredconditionals="0" statements="23" coveredstatements="0" elements="37" coveredelements="0"/>
      </file>
      <file name="/home/erik-poehler/Sites/ExtendedHTMLDocument/src/Element/Block/Blockquote.php">
        <class name="Html\Element\Block\Blockquote" namespace="Html\Element\Block">
          <metrics complexity="2" methods="2" coveredmethods="0" conditionals="0" coveredconditionals="0" statements="3" coveredstatements="0" elements="5" coveredelements="0"/>
        </class>
        <line num="60" type="method" name="setCite" visibility="public" complexity="1" crap="2" count="0"/>
        <line num="62" type="stmt" count="0"/>
        <line num="63" type="stmt" count="0"/>
        <line num="66" type="method" name="getCite" visibility="public" complexity="1" crap="2" count="0"/>
        <line num="68" type="stmt" count="0"/>
        <metrics loc="73" ncloc="44" classes="1" methods="2" coveredmethods="0" conditionals="0" coveredconditionals="0" statements="3" coveredstatements="0" elements="5" coveredelements="0"/>
      </file>
      <file name="/home/erik-poehler/Sites/ExtendedHTMLDocument/src/Element/Block/Body.php">
        <class name="Html\Element\Block\Body" namespace="Html\Element\Block">
          <metrics complexity="32" methods="32" coveredmethods="0" conditionals="0" coveredconditionals="0" statements="48" coveredstatements="0" elements="80" coveredelements="0"/>
        </class>
        <line num="258" type="method" name="setOnafterprint" visibility="public" complexity="1" crap="2" count="0"/>
        <line num="260" type="stmt" count="0"/>
        <line num="261" type="stmt" count="0"/>
        <line num="264" type="method" name="getOnafterprint" visibility="public" complexity="1" crap="2" count="0"/>
        <line num="266" type="stmt" count="0"/>
        <line num="269" type="method" name="setOnbeforeprint" visibility="public" complexity="1" crap="2" count="0"/>
        <line num="271" type="stmt" count="0"/>
        <line num="272" type="stmt" count="0"/>
        <line num="275" type="method" name="getOnbeforeprint" visibility="public" complexity="1" crap="2" count="0"/>
        <line num="277" type="stmt" count="0"/>
        <line num="280" type="method" name="setOnbeforeunload" visibility="public" complexity="1" crap="2" count="0"/>
        <line num="282" type="stmt" count="0"/>
        <line num="283" type="stmt" count="0"/>
        <line num="286" type="method" name="getOnbeforeunload" visibility="public" complexity="1" crap="2" count="0"/>
        <line num="288" type="stmt" count="0"/>
        <line num="291" type="method" name="setOnhashchange" visibility="public" complexity="1" crap="2" count="0"/>
        <line num="293" type="stmt" count="0"/>
        <line num="294" type="stmt" count="0"/>
        <line num="297" type="method" name="getOnhashchange" visibility="public" complexity="1" crap="2" count="0"/>
        <line num="299" type="stmt" count="0"/>
        <line num="302" type="method" name="setOnlanguagechange" visibility="public" complexity="1" crap="2" count="0"/>
        <line num="304" type="stmt" count="0"/>
        <line num="305" type="stmt" count="0"/>
        <line num="308" type="method" name="getOnlanguagechange" visibility="public" complexity="1" crap="2" count="0"/>
        <line num="310" type="stmt" count="0"/>
        <line num="313" type="method" name="setOnmessage" visibility="public" complexity="1" crap="2" count="0"/>
        <line num="315" type="stmt" count="0"/>
        <line num="316" type="stmt" count="0"/>
        <line num="319" type="method" name="getOnmessage" visibility="public" complexity="1" crap="2" count="0"/>
        <line num="321" type="stmt" count="0"/>
        <line num="324" type="method" name="setOnmessageerror" visibility="public" complexity="1" crap="2" count="0"/>
        <line num="326" type="stmt" count="0"/>
        <line num="327" type="stmt" count="0"/>
        <line num="330" type="method" name="getOnmessageerror" visibility="public" complexity="1" crap="2" count="0"/>
        <line num="332" type="stmt" count="0"/>
        <line num="335" type="method" name="setOnoffline" visibility="public" complexity="1" crap="2" count="0"/>
        <line num="337" type="stmt" count="0"/>
        <line num="338" type="stmt" count="0"/>
        <line num="341" type="method" name="getOnoffline" visibility="public" complexity="1" crap="2" count="0"/>
        <line num="343" type="stmt" count="0"/>
        <line num="346" type="method" name="setOnonline" visibility="public" complexity="1" crap="2" count="0"/>
        <line num="348" type="stmt" count="0"/>
        <line num="349" type="stmt" count="0"/>
        <line num="352" type="method" name="getOnonline" visibility="public" complexity="1" crap="2" count="0"/>
        <line num="354" type="stmt" count="0"/>
        <line num="357" type="method" name="setOnpagehide" visibility="public" complexity="1" crap="2" count="0"/>
        <line num="359" type="stmt" count="0"/>
        <line num="360" type="stmt" count="0"/>
        <line num="363" type="method" name="getOnpagehide" visibility="public" complexity="1" crap="2" count="0"/>
        <line num="365" type="stmt" count="0"/>
        <line num="368" type="method" name="setOnpageshow" visibility="public" complexity="1" crap="2" count="0"/>
        <line num="370" type="stmt" count="0"/>
        <line num="371" type="stmt" count="0"/>
        <line num="374" type="method" name="getOnpageshow" visibility="public" complexity="1" crap="2" count="0"/>
        <line num="376" type="stmt" count="0"/>
        <line num="379" type="method" name="setOnpopstate" visibility="public" complexity="1" crap="2" count="0"/>
        <line num="381" type="stmt" count="0"/>
        <line num="382" type="stmt" count="0"/>
        <line num="385" type="method" name="getOnpopstate" visibility="public" complexity="1" crap="2" count="0"/>
        <line num="387" type="stmt" count="0"/>
        <line num="390" type="method" name="setOnrejectionhandled" visibility="public" complexity="1" crap="2" count="0"/>
        <line num="392" type="stmt" count="0"/>
        <line num="393" type="stmt" count="0"/>
        <line num="396" type="method" name="getOnrejectionhandled" visibility="public" complexity="1" crap="2" count="0"/>
        <line num="398" type="stmt" count="0"/>
        <line num="401" type="method" name="setOnstorage" visibility="public" complexity="1" crap="2" count="0"/>
        <line num="403" type="stmt" count="0"/>
        <line num="404" type="stmt" count="0"/>
        <line num="407" type="method" name="getOnstorage" visibility="public" complexity="1" crap="2" count="0"/>
        <line num="409" type="stmt" count="0"/>
        <line num="412" type="method" name="setOnunhandledrejection" visibility="public" complexity="1" crap="2" count="0"/>
        <line num="414" type="stmt" count="0"/>
        <line num="415" type="stmt" count="0"/>
        <line num="418" type="method" name="getOnunhandledrejection" visibility="public" complexity="1" crap="2" count="0"/>
        <line num="420" type="stmt" count="0"/>
        <line num="423" type="method" name="setOnunload" visibility="public" complexity="1" crap="2" count="0"/>
        <line num="425" type="stmt" count="0"/>
        <line num="426" type="stmt" count="0"/>
        <line num="429" type="method" name="getOnunload" visibility="public" complexity="1" crap="2" count="0"/>
        <line num="431" type="stmt" count="0"/>
        <metrics loc="436" ncloc="392" classes="1" methods="32" coveredmethods="0" conditionals="0" coveredconditionals="0" statements="48" coveredstatements="0" elements="80" coveredelements="0"/>
      </file>
      <file name="/home/erik-poehler/Sites/ExtendedHTMLDocument/src/Element/Block/Canvas.php">
        <class name="Html\Element\Block\Canvas" namespace="Html\Element\Block">
          <metrics complexity="4" methods="4" coveredmethods="0" conditionals="0" coveredconditionals="0" statements="6" coveredstatements="0" elements="10" coveredelements="0"/>
        </class>
        <line num="60" type="method" name="setHeight" visibility="public" complexity="1" crap="2" count="0"/>
        <line num="62" type="stmt" count="0"/>
        <line num="63" type="stmt" count="0"/>
        <line num="66" type="method" name="getHeight" visibility="public" complexity="1" crap="2" count="0"/>
        <line num="68" type="stmt" count="0"/>
        <line num="71" type="method" name="setWidth" visibility="public" complexity="1" crap="2" count="0"/>
        <line num="73" type="stmt" count="0"/>
        <line num="74" type="stmt" count="0"/>
        <line num="77" type="method" name="getWidth" visibility="public" complexity="1" crap="2" count="0"/>
        <line num="79" type="stmt" count="0"/>
        <metrics loc="84" ncloc="54" classes="1" methods="4" coveredmethods="0" conditionals="0" coveredconditionals="0" statements="6" coveredstatements="0" elements="10" coveredelements="0"/>
      </file>
      <file name="/home/erik-poehler/Sites/ExtendedHTMLDocument/src/Element/Block/Caption.php">
        <class name="Html\Element\Block\Caption" namespace="Html\Element\Block">
          <metrics complexity="0" methods="0" coveredmethods="0" conditionals="0" coveredconditionals="0" statements="0" coveredstatements="0" elements="0" coveredelements="0"/>
        </class>
        <metrics loc="54" ncloc="26" classes="0" methods="0" coveredmethods="0" conditionals="0" coveredconditionals="0" statements="0" coveredstatements="0" elements="0" coveredelements="0"/>
      </file>
      <file name="/home/erik-poehler/Sites/ExtendedHTMLDocument/src/Element/Block/ColumnGroup.php">
        <class name="Html\Element\Block\ColumnGroup" namespace="Html\Element\Block">
          <metrics complexity="0" methods="0" coveredmethods="0" conditionals="0" coveredconditionals="0" statements="0" coveredstatements="0" elements="0" coveredelements="0"/>
        </class>
        <metrics loc="56" ncloc="28" classes="0" methods="0" coveredmethods="0" conditionals="0" coveredconditionals="0" statements="0" coveredstatements="0" elements="0" coveredelements="0"/>
      </file>
      <file name="/home/erik-poehler/Sites/ExtendedHTMLDocument/src/Element/Block/DataList.php">
        <class name="Html\Element\Block\DataList" namespace="Html\Element\Block">
          <metrics complexity="0" methods="0" coveredmethods="0" conditionals="0" coveredconditionals="0" statements="0" coveredstatements="0" elements="0" coveredelements="0"/>
        </class>
        <metrics loc="60" ncloc="32" classes="0" methods="0" coveredmethods="0" conditionals="0" coveredconditionals="0" statements="0" coveredstatements="0" elements="0" coveredelements="0"/>
      </file>
      <file name="/home/erik-poehler/Sites/ExtendedHTMLDocument/src/Element/Block/DefinitionDescription.php">
        <class name="Html\Element\Block\DefinitionDescription" namespace="Html\Element\Block">
          <metrics complexity="0" methods="0" coveredmethods="0" conditionals="0" coveredconditionals="0" statements="0" coveredstatements="0" elements="0" coveredelements="0"/>
        </class>
        <metrics loc="155" ncloc="129" classes="0" methods="0" coveredmethods="0" conditionals="0" coveredconditionals="0" statements="0" coveredstatements="0" elements="0" coveredelements="0"/>
      </file>
      <file name="/home/erik-poehler/Sites/ExtendedHTMLDocument/src/Element/Block/DefinitionList.php">
        <class name="Html\Element\Block\DefinitionList" namespace="Html\Element\Block">
          <metrics complexity="0" methods="0" coveredmethods="0" conditionals="0" coveredconditionals="0" statements="0" coveredstatements="0" elements="0" coveredelements="0"/>
        </class>
        <metrics loc="83" ncloc="55" classes="0" methods="0" coveredmethods="0" conditionals="0" coveredconditionals="0" statements="0" coveredstatements="0" elements="0" coveredelements="0"/>
      </file>
      <file name="/home/erik-poehler/Sites/ExtendedHTMLDocument/src/Element/Block/DefinitionTerm.php">
        <class name="Html\Element\Block\DefinitionTerm" namespace="Html\Element\Block">
          <metrics complexity="0" methods="0" coveredmethods="0" conditionals="0" coveredconditionals="0" statements="0" coveredstatements="0" elements="0" coveredelements="0"/>
        </class>
        <metrics loc="68" ncloc="40" classes="0" methods="0" coveredmethods="0" conditionals="0" coveredconditionals="0" statements="0" coveredstatements="0" elements="0" coveredelements="0"/>
      </file>
      <file name="/home/erik-poehler/Sites/ExtendedHTMLDocument/src/Element/Block/DeletedText.php">
        <class name="Html\Element\Block\DeletedText" namespace="Html\Element\Block">
          <metrics complexity="4" methods="4" coveredmethods="0" conditionals="0" coveredconditionals="0" statements="6" coveredstatements="0" elements="10" coveredelements="0"/>
        </class>
        <line num="74" type="method" name="setCite" visibility="public" complexity="1" crap="2" count="0"/>
        <line num="76" type="stmt" count="0"/>
        <line num="77" type="stmt" count="0"/>
        <line num="80" type="method" name="getCite" visibility="public" complexity="1" crap="2" count="0"/>
        <line num="82" type="stmt" count="0"/>
        <line num="85" type="method" name="setDatetime" visibility="public" complexity="1" crap="2" count="0"/>
        <line num="87" type="stmt" count="0"/>
        <line num="88" type="stmt" count="0"/>
        <line num="91" type="method" name="getDatetime" visibility="public" complexity="1" crap="2" count="0"/>
        <line num="93" type="stmt" count="0"/>
        <metrics loc="98" ncloc="68" classes="1" methods="4" coveredmethods="0" conditionals="0" coveredconditionals="0" statements="6" coveredstatements="0" elements="10" coveredelements="0"/>
      </file>
      <file name="/home/erik-poehler/Sites/ExtendedHTMLDocument/src/Element/Block/Details.php">
        <class name="Html\Element\Block\Details" namespace="Html\Element\Block">
          <metrics complexity="2" methods="2" coveredmethods="0" conditionals="0" coveredconditionals="0" statements="3" coveredstatements="0" elements="5" coveredelements="0"/>
        </class>
        <line num="97" type="method" name="setOpen" visibility="public" complexity="1" crap="2" count="0"/>
        <line num="99" type="stmt" count="0"/>
        <line num="100" type="stmt" count="0"/>
        <line num="103" type="method" name="getOpen" visibility="public" complexity="1" crap="2" count="0"/>
        <line num="105" type="stmt" count="0"/>
        <metrics loc="110" ncloc="81" classes="1" methods="2" coveredmethods="0" conditionals="0" coveredconditionals="0" statements="3" coveredstatements="0" elements="5" coveredelements="0"/>
      </file>
      <file name="/home/erik-poehler/Sites/ExtendedHTMLDocument/src/Element/Block/Dialog.php">
        <class name="Html\Element\Block\Dialog" namespace="Html\Element\Block">
          <metrics complexity="2" methods="2" coveredmethods="0" conditionals="0" coveredconditionals="0" statements="3" coveredstatements="0" elements="5" coveredelements="0"/>
        </class>
        <line num="102" type="method" name="setOpen" visibility="public" complexity="1" crap="2" count="0"/>
        <line num="104" type="stmt" count="0"/>
        <line num="105" type="stmt" count="0"/>
        <line num="108" type="method" name="getOpen" visibility="public" complexity="1" crap="2" count="0"/>
        <line num="110" type="stmt" count="0"/>
        <metrics loc="115" ncloc="86" classes="1" methods="2" coveredmethods="0" conditionals="0" coveredconditionals="0" statements="3" coveredstatements="0" elements="5" coveredelements="0"/>
      </file>
      <file name="/home/erik-poehler/Sites/ExtendedHTMLDocument/src/Element/Block/Division.php">
        <class name="Html\Element\Block\Division" namespace="Html\Element\Block">
          <metrics complexity="0" methods="0" coveredmethods="0" conditionals="0" coveredconditionals="0" statements="0" coveredstatements="0" elements="0" coveredelements="0"/>
        </class>
        <metrics loc="171" ncloc="145" classes="0" methods="0" coveredmethods="0" conditionals="0" coveredconditionals="0" statements="0" coveredstatements="0" elements="0" coveredelements="0"/>
      </file>
      <file name="/home/erik-poehler/Sites/ExtendedHTMLDocument/src/Element/Block/Embed.php">
        <class name="Html\Element\Block\Embed" namespace="Html\Element\Block">
          <metrics complexity="8" methods="8" coveredmethods="0" conditionals="0" coveredconditionals="0" statements="13" coveredstatements="0" elements="21" coveredelements="0"/>
        </class>
        <line num="90" type="method" name="setHeight" visibility="public" complexity="1" crap="2" count="0"/>
        <line num="92" type="stmt" count="0"/>
        <line num="93" type="stmt" count="0"/>
        <line num="96" type="method" name="getHeight" visibility="public" complexity="1" crap="2" count="0"/>
        <line num="98" type="stmt" count="0"/>
        <line num="101" type="method" name="setSrc" visibility="public" complexity="1" crap="2" count="0"/>
        <line num="103" type="stmt" count="0"/>
        <line num="104" type="stmt" count="0"/>
        <line num="107" type="method" name="getSrc" visibility="public" complexity="1" crap="2" count="0"/>
        <line num="109" type="stmt" count="0"/>
        <line num="112" type="method" name="setType" visibility="public" complexity="1" crap="2" count="0"/>
        <line num="114" type="stmt" count="0"/>
        <line num="115" type="stmt" count="0"/>
        <line num="116" type="stmt" count="0"/>
        <line num="119" type="method" name="getType" visibility="public" complexity="1" crap="2" count="0"/>
        <line num="121" type="stmt" count="0"/>
        <line num="124" type="method" name="setWidth" visibility="public" complexity="1" crap="2" count="0"/>
        <line num="126" type="stmt" count="0"/>
        <line num="127" type="stmt" count="0"/>
        <line num="130" type="method" name="getWidth" visibility="public" complexity="1" crap="2" count="0"/>
        <line num="132" type="stmt" count="0"/>
        <metrics loc="137" ncloc="98" classes="1" methods="8" coveredmethods="0" conditionals="0" coveredconditionals="0" statements="13" coveredstatements="0" elements="21" coveredelements="0"/>
      </file>
      <file name="/home/erik-poehler/Sites/ExtendedHTMLDocument/src/Element/Block/Fieldset.php">
        <class name="Html\Element\Block\Fieldset" namespace="Html\Element\Block">
          <metrics complexity="0" methods="0" coveredmethods="0" conditionals="0" coveredconditionals="0" statements="0" coveredstatements="0" elements="0" coveredelements="0"/>
        </class>
        <metrics loc="78" ncloc="50" classes="0" methods="0" coveredmethods="0" conditionals="0" coveredconditionals="0" statements="0" coveredstatements="0" elements="0" coveredelements="0"/>
      </file>
      <file name="/home/erik-poehler/Sites/ExtendedHTMLDocument/src/Element/Block/Figure.php">
        <class name="Html\Element\Block\Figure" namespace="Html\Element\Block">
          <metrics complexity="0" methods="0" coveredmethods="0" conditionals="0" coveredconditionals="0" statements="0" coveredstatements="0" elements="0" coveredelements="0"/>
        </class>
        <metrics loc="76" ncloc="48" classes="0" methods="0" coveredmethods="0" conditionals="0" coveredconditionals="0" statements="0" coveredstatements="0" elements="0" coveredelements="0"/>
      </file>
      <file name="/home/erik-poehler/Sites/ExtendedHTMLDocument/src/Element/Block/FigureCaption.php">
        <class name="Html\Element\Block\FigureCaption" namespace="Html\Element\Block">
          <metrics complexity="0" methods="0" coveredmethods="0" conditionals="0" coveredconditionals="0" statements="0" coveredstatements="0" elements="0" coveredelements="0"/>
        </class>
        <metrics loc="62" ncloc="34" classes="0" methods="0" coveredmethods="0" conditionals="0" coveredconditionals="0" statements="0" coveredstatements="0" elements="0" coveredelements="0"/>
      </file>
      <file name="/home/erik-poehler/Sites/ExtendedHTMLDocument/src/Element/Block/Footer.php">
        <class name="Html\Element\Block\Footer" namespace="Html\Element\Block">
          <metrics complexity="0" methods="0" coveredmethods="0" conditionals="0" coveredconditionals="0" statements="0" coveredstatements="0" elements="0" coveredelements="0"/>
        </class>
        <metrics loc="190" ncloc="162" classes="0" methods="0" coveredmethods="0" conditionals="0" coveredconditionals="0" statements="0" coveredstatements="0" elements="0" coveredelements="0"/>
      </file>
      <file name="/home/erik-poehler/Sites/ExtendedHTMLDocument/src/Element/Block/Form.php">
        <class name="Html\Element\Block\Form" namespace="Html\Element\Block">
          <metrics complexity="16" methods="16" coveredmethods="0" conditionals="0" coveredconditionals="0" statements="28" coveredstatements="0" elements="44" coveredelements="0"/>
        </class>
        <line num="142" type="method" name="setAcceptCharset" visibility="public" complexity="1" crap="2" count="0"/>
        <line num="144" type="stmt" count="0"/>
        <line num="145" type="stmt" count="0"/>
        <line num="148" type="method" name="getAcceptCharset" visibility="public" complexity="1" crap="2" count="0"/>
        <line num="150" type="stmt" count="0"/>
        <line num="153" type="method" name="setAction" visibility="public" complexity="1" crap="2" count="0"/>
        <line num="155" type="stmt" count="0"/>
        <line num="156" type="stmt" count="0"/>
        <line num="159" type="method" name="getAction" visibility="public" complexity="1" crap="2" count="0"/>
        <line num="161" type="stmt" count="0"/>
        <line num="164" type="method" name="setAutocomplete" visibility="public" complexity="1" crap="2" count="0"/>
        <line num="166" type="stmt" count="0"/>
        <line num="167" type="stmt" count="0"/>
        <line num="168" type="stmt" count="0"/>
        <line num="171" type="method" name="getAutocomplete" visibility="public" complexity="1" crap="2" count="0"/>
        <line num="173" type="stmt" count="0"/>
        <line num="176" type="method" name="setEnctype" visibility="public" complexity="1" crap="2" count="0"/>
        <line num="178" type="stmt" count="0"/>
        <line num="179" type="stmt" count="0"/>
        <line num="180" type="stmt" count="0"/>
        <line num="183" type="method" name="getEnctype" visibility="public" complexity="1" crap="2" count="0"/>
        <line num="185" type="stmt" count="0"/>
        <line num="188" type="method" name="setMethod" visibility="public" complexity="1" crap="2" count="0"/>
        <line num="190" type="stmt" count="0"/>
        <line num="191" type="stmt" count="0"/>
        <line num="192" type="stmt" count="0"/>
        <line num="195" type="method" name="getMethod" visibility="public" complexity="1" crap="2" count="0"/>
        <line num="197" type="stmt" count="0"/>
        <line num="200" type="method" name="setName" visibility="public" complexity="1" crap="2" count="0"/>
        <line num="202" type="stmt" count="0"/>
        <line num="203" type="stmt" count="0"/>
        <line num="206" type="method" name="getName" visibility="public" complexity="1" crap="2" count="0"/>
        <line num="208" type="stmt" count="0"/>
        <line num="211" type="method" name="setNovalidate" visibility="public" complexity="1" crap="2" count="0"/>
        <line num="213" type="stmt" count="0"/>
        <line num="214" type="stmt" count="0"/>
        <line num="217" type="method" name="getNovalidate" visibility="public" complexity="1" crap="2" count="0"/>
        <line num="219" type="stmt" count="0"/>
        <line num="222" type="method" name="setTarget" visibility="public" complexity="1" crap="2" count="0"/>
        <line num="224" type="stmt" count="0"/>
        <line num="225" type="stmt" count="0"/>
        <line num="226" type="stmt" count="0"/>
        <line num="229" type="method" name="getTarget" visibility="public" complexity="1" crap="2" count="0"/>
        <line num="231" type="stmt" count="0"/>
        <metrics loc="236" ncloc="196" classes="1" methods="16" coveredmethods="0" conditionals="0" coveredconditionals="0" statements="28" coveredstatements="0" elements="44" coveredelements="0"/>
      </file>
      <file name="/home/erik-poehler/Sites/ExtendedHTMLDocument/src/Element/Block/HTML.php">
        <class name="Html\Element\Block\HTML" namespace="Html\Element\Block">
          <metrics complexity="2" methods="2" coveredmethods="0" conditionals="0" coveredconditionals="0" statements="3" coveredstatements="0" elements="5" coveredelements="0"/>
        </class>
        <line num="57" type="method" name="setManifest" visibility="public" complexity="1" crap="2" count="0"/>
        <line num="59" type="stmt" count="0"/>
        <line num="60" type="stmt" count="0"/>
        <line num="63" type="method" name="getManifest" visibility="public" complexity="1" crap="2" count="0"/>
        <line num="65" type="stmt" count="0"/>
        <metrics loc="70" ncloc="41" classes="1" methods="2" coveredmethods="0" conditionals="0" coveredconditionals="0" statements="3" coveredstatements="0" elements="5" coveredelements="0"/>
      </file>
      <file name="/home/erik-poehler/Sites/ExtendedHTMLDocument/src/Element/Block/Header.php">
        <class name="Html\Element\Block\Header" namespace="Html\Element\Block">
          <metrics complexity="0" methods="0" coveredmethods="0" conditionals="0" coveredconditionals="0" statements="0" coveredstatements="0" elements="0" coveredelements="0"/>
        </class>
        <metrics loc="192" ncloc="164" classes="0" methods="0" coveredmethods="0" conditionals="0" coveredconditionals="0" statements="0" coveredstatements="0" elements="0" coveredelements="0"/>
      </file>
      <file name="/home/erik-poehler/Sites/ExtendedHTMLDocument/src/Element/Block/Heading1.php">
        <class name="Html\Element\Block\Heading1" namespace="Html\Element\Block">
          <metrics complexity="0" methods="0" coveredmethods="0" conditionals="0" coveredconditionals="0" statements="0" coveredstatements="0" elements="0" coveredelements="0"/>
        </class>
        <metrics loc="76" ncloc="48" classes="0" methods="0" coveredmethods="0" conditionals="0" coveredconditionals="0" statements="0" coveredstatements="0" elements="0" coveredelements="0"/>
      </file>
      <file name="/home/erik-poehler/Sites/ExtendedHTMLDocument/src/Element/Block/Heading2.php">
        <class name="Html\Element\Block\Heading2" namespace="Html\Element\Block">
          <metrics complexity="0" methods="0" coveredmethods="0" conditionals="0" coveredconditionals="0" statements="0" coveredstatements="0" elements="0" coveredelements="0"/>
        </class>
        <metrics loc="76" ncloc="48" classes="0" methods="0" coveredmethods="0" conditionals="0" coveredconditionals="0" statements="0" coveredstatements="0" elements="0" coveredelements="0"/>
      </file>
      <file name="/home/erik-poehler/Sites/ExtendedHTMLDocument/src/Element/Block/Heading3.php">
        <class name="Html\Element\Block\Heading3" namespace="Html\Element\Block">
          <metrics complexity="0" methods="0" coveredmethods="0" conditionals="0" coveredconditionals="0" statements="0" coveredstatements="0" elements="0" coveredelements="0"/>
        </class>
        <metrics loc="76" ncloc="48" classes="0" methods="0" coveredmethods="0" conditionals="0" coveredconditionals="0" statements="0" coveredstatements="0" elements="0" coveredelements="0"/>
      </file>
      <file name="/home/erik-poehler/Sites/ExtendedHTMLDocument/src/Element/Block/Heading4.php">
        <class name="Html\Element\Block\Heading4" namespace="Html\Element\Block">
          <metrics complexity="0" methods="0" coveredmethods="0" conditionals="0" coveredconditionals="0" statements="0" coveredstatements="0" elements="0" coveredelements="0"/>
        </class>
        <metrics loc="76" ncloc="48" classes="0" methods="0" coveredmethods="0" conditionals="0" coveredconditionals="0" statements="0" coveredstatements="0" elements="0" coveredelements="0"/>
      </file>
      <file name="/home/erik-poehler/Sites/ExtendedHTMLDocument/src/Element/Block/Heading5.php">
        <class name="Html\Element\Block\Heading5" namespace="Html\Element\Block">
          <metrics complexity="0" methods="0" coveredmethods="0" conditionals="0" coveredconditionals="0" statements="0" coveredstatements="0" elements="0" coveredelements="0"/>
        </class>
        <metrics loc="76" ncloc="48" classes="0" methods="0" coveredmethods="0" conditionals="0" coveredconditionals="0" statements="0" coveredstatements="0" elements="0" coveredelements="0"/>
      </file>
      <file name="/home/erik-poehler/Sites/ExtendedHTMLDocument/src/Element/Block/Heading6.php">
        <class name="Html\Element\Block\Heading6" namespace="Html\Element\Block">
          <metrics complexity="0" methods="0" coveredmethods="0" conditionals="0" coveredconditionals="0" statements="0" coveredstatements="0" elements="0" coveredelements="0"/>
        </class>
        <metrics loc="76" ncloc="48" classes="0" methods="0" coveredmethods="0" conditionals="0" coveredconditionals="0" statements="0" coveredstatements="0" elements="0" coveredelements="0"/>
      </file>
      <file name="/home/erik-poehler/Sites/ExtendedHTMLDocument/src/Element/Block/HeadingsGroup.php">
        <class name="Html\Element\Block\HeadingsGroup" namespace="Html\Element\Block">
          <metrics complexity="0" methods="0" coveredmethods="0" conditionals="0" coveredconditionals="0" statements="0" coveredstatements="0" elements="0" coveredelements="0"/>
        </class>
        <metrics loc="64" ncloc="36" classes="0" methods="0" coveredmethods="0" conditionals="0" coveredconditionals="0" statements="0" coveredstatements="0" elements="0" coveredelements="0"/>
      </file>
      <file name="/home/erik-poehler/Sites/ExtendedHTMLDocument/src/Element/Block/HorizontalRule.php">
        <class name="Html\Element\Block\HorizontalRule" namespace="Html\Element\Block">
          <metrics complexity="10" methods="10" coveredmethods="0" conditionals="0" coveredconditionals="0" statements="16" coveredstatements="0" elements="26" coveredelements="0"/>
        </class>
        <line num="91" type="method" name="setAlign" visibility="public" complexity="1" crap="2" count="0"/>
        <line num="93" type="stmt" count="0"/>
        <line num="94" type="stmt" count="0"/>
        <line num="95" type="stmt" count="0"/>
        <line num="98" type="method" name="getAlign" visibility="public" complexity="1" crap="2" count="0"/>
        <line num="100" type="stmt" count="0"/>
        <line num="103" type="method" name="setColor" visibility="public" complexity="1" crap="2" count="0"/>
        <line num="105" type="stmt" count="0"/>
        <line num="106" type="stmt" count="0"/>
        <line num="109" type="method" name="getColor" visibility="public" complexity="1" crap="2" count="0"/>
        <line num="111" type="stmt" count="0"/>
        <line num="114" type="method" name="setNoshade" visibility="public" complexity="1" crap="2" count="0"/>
        <line num="116" type="stmt" count="0"/>
        <line num="117" type="stmt" count="0"/>
        <line num="120" type="method" name="getNoshade" visibility="public" complexity="1" crap="2" count="0"/>
        <line num="122" type="stmt" count="0"/>
        <line num="125" type="method" name="setSize" visibility="public" complexity="1" crap="2" count="0"/>
        <line num="127" type="stmt" count="0"/>
        <line num="128" type="stmt" count="0"/>
        <line num="131" type="method" name="getSize" visibility="public" complexity="1" crap="2" count="0"/>
        <line num="133" type="stmt" count="0"/>
        <line num="136" type="method" name="setWidth" visibility="public" complexity="1" crap="2" count="0"/>
        <line num="138" type="stmt" count="0"/>
        <line num="139" type="stmt" count="0"/>
        <line num="142" type="method" name="getWidth" visibility="public" complexity="1" crap="2" count="0"/>
        <line num="144" type="stmt" count="0"/>
        <metrics loc="149" ncloc="97" classes="1" methods="10" coveredmethods="0" conditionals="0" coveredconditionals="0" statements="16" coveredstatements="0" elements="26" coveredelements="0"/>
      </file>
      <file name="/home/erik-poehler/Sites/ExtendedHTMLDocument/src/Element/Block/InlineFrame.php">
        <class name="Html\Element\Block\InlineFrame" namespace="Html\Element\Block">
          <metrics complexity="18" methods="18" coveredmethods="0" conditionals="0" coveredconditionals="0" statements="28" coveredstatements="0" elements="46" coveredelements="0"/>
        </class>
        <line num="106" type="method" name="setAllowfullscreen" visibility="public" complexity="1" crap="2" count="0"/>
        <line num="108" type="stmt" count="0"/>
        <line num="109" type="stmt" count="0"/>
        <line num="112" type="method" name="getAllowfullscreen" visibility="public" complexity="1" crap="2" count="0"/>
        <line num="114" type="stmt" count="0"/>
        <line num="117" type="method" name="setHeight" visibility="public" complexity="1" crap="2" count="0"/>
        <line num="119" type="stmt" count="0"/>
        <line num="120" type="stmt" count="0"/>
        <line num="123" type="method" name="getHeight" visibility="public" complexity="1" crap="2" count="0"/>
        <line num="125" type="stmt" count="0"/>
        <line num="128" type="method" name="setName" visibility="public" complexity="1" crap="2" count="0"/>
        <line num="130" type="stmt" count="0"/>
        <line num="131" type="stmt" count="0"/>
        <line num="134" type="method" name="getName" visibility="public" complexity="1" crap="2" count="0"/>
        <line num="136" type="stmt" count="0"/>
        <line num="139" type="method" name="setReferrerpolicy" visibility="public" complexity="1" crap="2" count="0"/>
        <line num="141" type="stmt" count="0"/>
        <line num="142" type="stmt" count="0"/>
        <line num="143" type="stmt" count="0"/>
        <line num="146" type="method" name="getReferrerpolicy" visibility="public" complexity="1" crap="2" count="0"/>
        <line num="148" type="stmt" count="0"/>
        <line num="151" type="method" name="setSandbox" visibility="public" complexity="1" crap="2" count="0"/>
        <line num="153" type="stmt" count="0"/>
        <line num="154" type="stmt" count="0"/>
        <line num="157" type="method" name="getSandbox" visibility="public" complexity="1" crap="2" count="0"/>
        <line num="159" type="stmt" count="0"/>
        <line num="162" type="method" name="setSeamless" visibility="public" complexity="1" crap="2" count="0"/>
        <line num="164" type="stmt" count="0"/>
        <line num="165" type="stmt" count="0"/>
        <line num="168" type="method" name="getSeamless" visibility="public" complexity="1" crap="2" count="0"/>
        <line num="170" type="stmt" count="0"/>
        <line num="173" type="method" name="setSrc" visibility="public" complexity="1" crap="2" count="0"/>
        <line num="175" type="stmt" count="0"/>
        <line num="176" type="stmt" count="0"/>
        <line num="179" type="method" name="getSrc" visibility="public" complexity="1" crap="2" count="0"/>
        <line num="181" type="stmt" count="0"/>
        <line num="184" type="method" name="setSrcdoc" visibility="public" complexity="1" crap="2" count="0"/>
        <line num="186" type="stmt" count="0"/>
        <line num="187" type="stmt" count="0"/>
        <line num="190" type="method" name="getSrcdoc" visibility="public" complexity="1" crap="2" count="0"/>
        <line num="192" type="stmt" count="0"/>
        <line num="195" type="method" name="setWidth" visibility="public" complexity="1" crap="2" count="0"/>
        <line num="197" type="stmt" count="0"/>
        <line num="198" type="stmt" count="0"/>
        <line num="201" type="method" name="getWidth" visibility="public" complexity="1" crap="2" count="0"/>
        <line num="203" type="stmt" count="0"/>
        <metrics loc="208" ncloc="167" classes="1" methods="18" coveredmethods="0" conditionals="0" coveredconditionals="0" statements="28" coveredstatements="0" elements="46" coveredelements="0"/>
      </file>
      <file name="/home/erik-poehler/Sites/ExtendedHTMLDocument/src/Element/Block/InsertedText.php">
        <class name="Html\Element\Block\InsertedText" namespace="Html\Element\Block">
          <metrics complexity="4" methods="4" coveredmethods="0" conditionals="0" coveredconditionals="0" statements="6" coveredstatements="0" elements="10" coveredelements="0"/>
        </class>
        <line num="74" type="method" name="setCite" visibility="public" complexity="1" crap="2" count="0"/>
        <line num="76" type="stmt" count="0"/>
        <line num="77" type="stmt" count="0"/>
        <line num="80" type="method" name="getCite" visibility="public" complexity="1" crap="2" count="0"/>
        <line num="82" type="stmt" count="0"/>
        <line num="85" type="method" name="setDatetime" visibility="public" complexity="1" crap="2" count="0"/>
        <line num="87" type="stmt" count="0"/>
        <line num="88" type="stmt" count="0"/>
        <line num="91" type="method" name="getDatetime" visibility="public" complexity="1" crap="2" count="0"/>
        <line num="93" type="stmt" count="0"/>
        <metrics loc="98" ncloc="68" classes="1" methods="4" coveredmethods="0" conditionals="0" coveredconditionals="0" statements="6" coveredstatements="0" elements="10" coveredelements="0"/>
      </file>
      <file name="/home/erik-poehler/Sites/ExtendedHTMLDocument/src/Element/Block/Legend.php">
        <class name="Html\Element\Block\Legend" namespace="Html\Element\Block">
          <metrics complexity="2" methods="2" coveredmethods="0" conditionals="0" coveredconditionals="0" statements="3" coveredstatements="0" elements="5" coveredelements="0"/>
        </class>
        <line num="57" type="method" name="setText" visibility="public" complexity="1" crap="2" count="0"/>
        <line num="59" type="stmt" count="0"/>
        <line num="60" type="stmt" count="0"/>
        <line num="63" type="method" name="getText" visibility="public" complexity="1" crap="2" count="0"/>
        <line num="65" type="stmt" count="0"/>
        <metrics loc="70" ncloc="41" classes="1" methods="2" coveredmethods="0" conditionals="0" coveredconditionals="0" statements="3" coveredstatements="0" elements="5" coveredelements="0"/>
      </file>
      <file name="/home/erik-poehler/Sites/ExtendedHTMLDocument/src/Element/Block/ListItem.php">
        <class name="Html\Element\Block\ListItem" namespace="Html\Element\Block">
          <metrics complexity="2" methods="2" coveredmethods="0" conditionals="0" coveredconditionals="0" statements="3" coveredstatements="0" elements="5" coveredelements="0"/>
        </class>
        <line num="130" type="method" name="setValue" visibility="public" complexity="1" crap="2" count="0"/>
        <line num="132" type="stmt" count="0"/>
        <line num="133" type="stmt" count="0"/>
        <line num="136" type="method" name="getValue" visibility="public" complexity="1" crap="2" count="0"/>
        <line num="138" type="stmt" count="0"/>
        <metrics loc="143" ncloc="114" classes="1" methods="2" coveredmethods="0" conditionals="0" coveredconditionals="0" statements="3" coveredstatements="0" elements="5" coveredelements="0"/>
      </file>
      <file name="/home/erik-poehler/Sites/ExtendedHTMLDocument/src/Element/Block/Main.php">
        <class name="Html\Element\Block\Main" namespace="Html\Element\Block">
          <metrics complexity="0" methods="0" coveredmethods="0" conditionals="0" coveredconditionals="0" statements="0" coveredstatements="0" elements="0" coveredelements="0"/>
        </class>
[...]
        <line num="98" type="stmt" count="1"/>
        <line num="99" type="stmt" count="1"/>
        <line num="100" type="stmt" count="1"/>
        <line num="101" type="stmt" count="1"/>
        <line num="102" type="stmt" count="1"/>
        <line num="103" type="stmt" count="1"/>
        <line num="104" type="stmt" count="1"/>
        <line num="105" type="stmt" count="1"/>
        <line num="106" type="stmt" count="1"/>
        <line num="107" type="stmt" count="1"/>
        <metrics loc="110" ncloc="110" classes="1" methods="2" coveredmethods="2" conditionals="0" coveredconditionals="0" statements="91" coveredstatements="91" elements="93" coveredelements="93"/>
      </file>
    </package>
    <file name="/home/erik-poehler/Sites/ExtendedHTMLDocument/src/Interface/HTMLDocumentDelegatorInterface.php">
      <metrics loc="29" ncloc="29" classes="0" methods="0" coveredmethods="0" conditionals="0" coveredconditionals="0" statements="0" coveredstatements="0" elements="0" coveredelements="0"/>
    </file>
    <file name="/home/erik-poehler/Sites/ExtendedHTMLDocument/src/Interface/HTMLElementDelegatorInterface.php">
      <metrics loc="51" ncloc="51" classes="0" methods="0" coveredmethods="0" conditionals="0" coveredconditionals="0" statements="0" coveredstatements="0" elements="0" coveredelements="0"/>
    </file>
    <file name="/home/erik-poehler/Sites/ExtendedHTMLDocument/src/Resources/templates/BlockElement.tpl.php">
      <line num="1" type="stmt" count="0"/>
      <line num="2" type="stmt" count="0"/>
      <line num="5" type="stmt" count="0"/>
      <line num="6" type="stmt" count="0"/>
      <line num="7" type="stmt" count="0"/>
      <line num="8" type="stmt" count="0"/>
      <line num="9" type="stmt" count="0"/>
      <line num="10" type="stmt" count="0"/>
      <line num="11" type="stmt" count="0"/>
      <line num="12" type="stmt" count="0"/>
      <line num="13" type="stmt" count="0"/>
      <line num="14" type="stmt" count="0"/>
      <line num="16" type="stmt" count="0"/>
      <line num="18" type="stmt" count="0"/>
      <line num="20" type="stmt" count="0"/>
      <line num="21" type="stmt" count="0"/>
      <line num="26" type="stmt" count="0"/>
      <line num="28" type="stmt" count="0"/>
      <line num="29" type="stmt" count="0"/>
      <line num="30" type="stmt" count="0"/>
      <line num="31" type="stmt" count="0"/>
      <line num="32" type="stmt" count="0"/>
      <line num="34" type="stmt" count="0"/>
      <line num="35" type="stmt" count="0"/>
      <line num="36" type="stmt" count="0"/>
      <line num="37" type="stmt" count="0"/>
      <line num="38" type="stmt" count="0"/>
      <line num="43" type="stmt" count="0"/>
      <line num="50" type="stmt" count="0"/>
      <line num="51" type="stmt" count="0"/>
      <line num="53" type="stmt" count="0"/>
      <line num="55" type="stmt" count="0"/>
      <line num="56" type="stmt" count="0"/>
      <line num="57" type="stmt" count="0"/>
      <line num="58" type="stmt" count="0"/>
      <line num="59" type="stmt" count="0"/>
      <line num="60" type="stmt" count="0"/>
      <line num="61" type="stmt" count="0"/>
      <line num="63" type="stmt" count="0"/>
      <line num="66" type="stmt" count="0"/>
      <line num="68" type="stmt" count="0"/>
      <line num="70" type="stmt" count="0"/>
      <metrics loc="71" ncloc="57" classes="0" methods="0" coveredmethods="0" conditionals="0" coveredconditionals="0" statements="42" coveredstatements="0" elements="42" coveredelements="0"/>
    </file>
    <file name="/home/erik-poehler/Sites/ExtendedHTMLDocument/src/Resources/templates/Enum.tpl.php">
      <line num="1" type="stmt" count="0"/>
      <line num="2" type="stmt" count="0"/>
      <line num="5" type="stmt" count="0"/>
      <line num="6" type="stmt" count="0"/>
      <line num="7" type="stmt" count="0"/>
      <line num="8" type="stmt" count="0"/>
      <line num="9" type="stmt" count="0"/>
      <line num="10" type="stmt" count="0"/>
      <line num="11" type="stmt" count="0"/>
      <line num="12" type="stmt" count="0"/>
      <line num="13" type="stmt" count="0"/>
      <line num="15" type="stmt" count="0"/>
      <line num="17" type="stmt" count="0"/>
      <line num="18" type="stmt" count="0"/>
      <line num="22" type="stmt" count="0"/>
      <metrics loc="25" ncloc="25" classes="0" methods="0" coveredmethods="0" conditionals="0" coveredconditionals="0" statements="15" coveredstatements="0" elements="15" coveredelements="0"/>
    </file>
    <file name="/home/erik-poehler/Sites/ExtendedHTMLDocument/src/Resources/templates/InlineElement.tpl.php">
      <line num="1" type="stmt" count="0"/>
      <line num="2" type="stmt" count="0"/>
      <line num="5" type="stmt" count="0"/>
      <line num="6" type="stmt" count="0"/>
      <line num="7" type="stmt" count="0"/>
      <line num="8" type="stmt" count="0"/>
      <line num="9" type="stmt" count="0"/>
      <line num="10" type="stmt" count="0"/>
      <line num="11" type="stmt" count="0"/>
      <line num="12" type="stmt" count="0"/>
      <line num="13" type="stmt" count="0"/>
      <line num="14" type="stmt" count="0"/>
      <line num="16" type="stmt" count="0"/>
      <line num="18" type="stmt" count="0"/>
      <line num="23" type="stmt" count="0"/>
      <line num="25" type="stmt" count="0"/>
      <line num="26" type="stmt" count="0"/>
      <line num="27" type="stmt" count="0"/>
      <line num="28" type="stmt" count="0"/>
      <line num="29" type="stmt" count="0"/>
      <line num="31" type="stmt" count="0"/>
      <line num="32" type="stmt" count="0"/>
      <line num="33" type="stmt" count="0"/>
      <line num="34" type="stmt" count="0"/>
      <line num="35" type="stmt" count="0"/>
      <line num="40" type="stmt" count="0"/>
      <line num="47" type="stmt" count="0"/>
      <line num="48" type="stmt" count="0"/>
      <line num="50" type="stmt" count="0"/>
      <line num="52" type="stmt" count="0"/>
      <line num="53" type="stmt" count="0"/>
      <line num="54" type="stmt" count="0"/>
      <line num="55" type="stmt" count="0"/>
      <line num="56" type="stmt" count="0"/>
      <line num="57" type="stmt" count="0"/>
      <line num="58" type="stmt" count="0"/>
      <line num="60" type="stmt" count="0"/>
      <line num="63" type="stmt" count="0"/>
      <line num="65" type="stmt" count="0"/>
      <line num="66" type="stmt" count="0"/>
      <metrics loc="67" ncloc="63" classes="0" methods="0" coveredmethods="0" conditionals="0" coveredconditionals="0" statements="40" coveredstatements="0" elements="40" coveredelements="0"/>
    </file>
    <file name="/home/erik-poehler/Sites/ExtendedHTMLDocument/src/Resources/templates/VoidElement.tpl.php">
      <line num="1" type="stmt" count="0"/>
      <line num="2" type="stmt" count="0"/>
      <line num="5" type="stmt" count="0"/>
      <line num="6" type="stmt" count="0"/>
      <line num="7" type="stmt" count="0"/>
      <line num="8" type="stmt" count="0"/>
      <line num="9" type="stmt" count="0"/>
      <line num="10" type="stmt" count="0"/>
      <line num="11" type="stmt" count="0"/>
      <line num="12" type="stmt" count="0"/>
      <line num="13" type="stmt" count="0"/>
      <line num="14" type="stmt" count="0"/>
      <line num="16" type="stmt" count="0"/>
      <line num="18" type="stmt" count="0"/>
      <line num="23" type="stmt" count="0"/>
      <line num="25" type="stmt" count="0"/>
      <line num="26" type="stmt" count="0"/>
      <line num="27" type="stmt" count="0"/>
      <line num="28" type="stmt" count="0"/>
      <line num="29" type="stmt" count="0"/>
      <line num="31" type="stmt" count="0"/>
      <line num="32" type="stmt" count="0"/>
      <line num="33" type="stmt" count="0"/>
      <line num="34" type="stmt" count="0"/>
      <line num="35" type="stmt" count="0"/>
      <line num="40" type="stmt" count="0"/>
      <line num="47" type="stmt" count="0"/>
      <line num="48" type="stmt" count="0"/>
      <line num="50" type="stmt" count="0"/>
      <line num="52" type="stmt" count="0"/>
      <line num="53" type="stmt" count="0"/>
      <line num="54" type="stmt" count="0"/>
      <line num="55" type="stmt" count="0"/>
      <line num="56" type="stmt" count="0"/>
      <line num="57" type="stmt" count="0"/>
      <line num="58" type="stmt" count="0"/>
      <line num="59" type="stmt" count="0"/>
      <line num="61" type="stmt" count="0"/>
      <line num="63" type="stmt" count="0"/>
      <line num="65" type="stmt" count="0"/>
      <line num="66" type="stmt" count="0"/>
      <metrics loc="67" ncloc="63" classes="0" methods="0" coveredmethods="0" conditionals="0" coveredconditionals="0" statements="41" coveredstatements="0" elements="41" coveredelements="0"/>
    </file>
    <package name="Html\Trait">
      <file name="/home/erik-poehler/Sites/ExtendedHTMLDocument/src/Trait/GlobalAttributesTrait.php">
        <class name="Html\Trait\GlobalAttributesTrait" namespace="Html\Trait">
          <metrics complexity="69" methods="48" coveredmethods="20" conditionals="0" coveredconditionals="0" statements="103" coveredstatements="59" elements="151" coveredelements="79"/>
        </class>
        <line num="68" type="method" name="setId" visibility="public" complexity="1" crap="1" count="2"/>
        <line num="70" type="stmt" count="2"/>
        <line num="71" type="stmt" count="2"/>
        <line num="74" type="method" name="getId" visibility="public" complexity="1" crap="1" count="1"/>
        <line num="76" type="stmt" count="1"/>
        <line num="82" type="method" name="setClass" visibility="public" complexity="1" crap="1" count="3"/>
        <line num="84" type="stmt" count="3"/>
        <line num="85" type="stmt" count="3"/>
        <line num="88" type="method" name="getClass" visibility="public" complexity="1" crap="1" count="1"/>
        <line num="90" type="stmt" count="1"/>
        <line num="96" type="method" name="getClassName" visibility="public" complexity="1" crap="1" count="1"/>
        <line num="98" type="stmt" count="1"/>
        <line num="104" type="method" name="setClassName" visibility="public" complexity="1" crap="1" count="3"/>
        <line num="106" type="stmt" count="3"/>
        <line num="112" type="method" name="setAccessKey" visibility="public" complexity="1" crap="2" count="0"/>
        <line num="114" type="stmt" count="0"/>
        <line num="115" type="stmt" count="0"/>
        <line num="116" type="stmt" count="0"/>
        <line num="119" type="method" name="getAccessKey" visibility="public" complexity="1" crap="2" count="0"/>
        <line num="121" type="stmt" count="0"/>
        <line num="127" type="method" name="setAutoCapitalize" visibility="public" complexity="2" crap="2" count="1"/>
        <line num="129" type="stmt" count="1"/>
        <line num="130" type="stmt" count="1"/>
        <line num="132" type="stmt" count="1"/>
        <line num="133" type="stmt" count="1"/>
        <line num="134" type="stmt" count="1"/>
        <line num="137" type="method" name="getAutoCapitalize" visibility="public" complexity="1" crap="1" count="1"/>
        <line num="139" type="stmt" count="1"/>
        <line num="145" type="method" name="setContentEditable" visibility="public" complexity="6" crap="6" count="3"/>
        <line num="148" type="stmt" count="3"/>
        <line num="149" type="stmt" count="3"/>
        <line num="150" type="stmt" count="3"/>
        <line num="151" type="stmt" count="3"/>
        <line num="152" type="stmt" count="1"/>
        <line num="154" type="stmt" count="2"/>
        <line num="155" type="stmt" count="2"/>
        <line num="156" type="stmt" count="2"/>
        <line num="157" type="stmt" count="2"/>
        <line num="158" type="stmt" count="2"/>
        <line num="159" type="stmt" count="2"/>
        <line num="160" type="stmt" count="2"/>
        <line num="163" type="method" name="getContentEditable" visibility="public" complexity="1" crap="1" count="3"/>
        <line num="165" type="stmt" count="3"/>
        <line num="172" type="method" name="setDir" visibility="public" complexity="4" crap="4" count="2"/>
        <line num="174" type="stmt" count="2"/>
        <line num="175" type="stmt" count="1"/>
        <line num="178" type="stmt" count="1"/>
        <line num="179" type="stmt" count="1"/>
        <line num="180" type="stmt" count="1"/>
        <line num="183" type="method" name="getDir" visibility="public" complexity="1" crap="1" count="1"/>
        <line num="185" type="stmt" count="1"/>
        <line num="191" type="method" name="setDraggable" visibility="public" complexity="4" crap="4" count="1"/>
        <line num="193" type="stmt" count="1"/>
        <line num="194" type="stmt" count="1"/>
        <line num="196" type="stmt" count="1"/>
        <line num="197" type="stmt" count="1"/>
        <line num="199" type="stmt" count="1"/>
        <line num="202" type="method" name="getDraggable" visibility="public" complexity="1" crap="1" count="1"/>
        <line num="204" type="stmt" count="1"/>
        <line num="210" type="method" name="setHidden" visibility="public" complexity="2" crap="2" count="1"/>
        <line num="212" type="stmt" count="1"/>
        <line num="213" type="stmt" count="1"/>
        <line num="214" type="stmt" count="1"/>
        <line num="217" type="method" name="getHidden" visibility="public" complexity="1" crap="1" count="1"/>
        <line num="219" type="stmt" count="1"/>
        <line num="225" type="method" name="setInert" visibility="public" complexity="2" crap="2" count="1"/>
        <line num="227" type="stmt" count="1"/>
        <line num="228" type="stmt" count="1"/>
        <line num="229" type="stmt" count="1"/>
        <line num="232" type="method" name="getInert" visibility="public" complexity="1" crap="1" count="1"/>
        <line num="234" type="stmt" count="1"/>
        <line num="240" type="method" name="setInputMode" visibility="public" complexity="4" crap="4.13" count="1"/>
        <line num="242" type="stmt" count="1"/>
        <line num="243" type="stmt" count="0"/>
        <line num="245" type="stmt" count="1"/>
        <line num="246" type="stmt" count="1"/>
        <line num="247" type="stmt" count="1"/>
        <line num="250" type="method" name="getInputMode" visibility="public" complexity="1" crap="1" count="1"/>
        <line num="252" type="stmt" count="1"/>
        <line num="258" type="method" name="setIs" visibility="public" complexity="1" crap="2" count="0"/>
        <line num="260" type="stmt" count="0"/>
        <line num="262" type="stmt" count="0"/>
        <line num="265" type="method" name="getIs" visibility="public" complexity="1" crap="2" count="0"/>
        <line num="267" type="stmt" count="0"/>
        <line num="273" type="method" name="setLang" visibility="public" complexity="1" crap="2" count="0"/>
        <line num="275" type="stmt" count="0"/>
        <line num="277" type="stmt" count="0"/>
        <line num="280" type="method" name="getLang" visibility="public" complexity="1" crap="2" count="0"/>
        <line num="282" type="stmt" count="0"/>
        <line num="288" type="method" name="setNonce" visibility="public" complexity="1" crap="2" count="0"/>
        <line num="290" type="stmt" count="0"/>
        <line num="292" type="stmt" count="0"/>
        <line num="295" type="method" name="getNonce" visibility="public" complexity="1" crap="2" count="0"/>
        <line num="297" type="stmt" count="0"/>
        <line num="303" type="method" name="setPart" visibility="public" complexity="1" crap="2" count="0"/>
        <line num="305" type="stmt" count="0"/>
        <line num="307" type="stmt" count="0"/>
        <line num="310" type="method" name="getPart" visibility="public" complexity="1" crap="2" count="0"/>
        <line num="312" type="stmt" count="0"/>
        <line num="318" type="method" name="setPopover" visibility="public" complexity="1" crap="2" count="0"/>
        <line num="320" type="stmt" count="0"/>
        <line num="322" type="stmt" count="0"/>
        <line num="325" type="method" name="getPopover" visibility="public" complexity="1" crap="2" count="0"/>
        <line num="327" type="stmt" count="0"/>
        <line num="333" type="method" name="setRole" visibility="public" complexity="1" crap="2" count="0"/>
        <line num="335" type="stmt" count="0"/>
        <line num="337" type="stmt" count="0"/>
        <line num="340" type="method" name="getRole" visibility="public" complexity="1" crap="2" count="0"/>
        <line num="342" type="stmt" count="0"/>
        <line num="348" type="method" name="setSlot" visibility="public" complexity="1" crap="2" count="0"/>
        <line num="350" type="stmt" count="0"/>
        <line num="352" type="stmt" count="0"/>
        <line num="355" type="method" name="getSlot" visibility="public" complexity="1" crap="2" count="0"/>
        <line num="357" type="stmt" count="0"/>
        <line num="363" type="method" name="setSpellCheck" visibility="public" complexity="5" crap="5.93" count="1"/>
        <line num="365" type="stmt" count="1"/>
        <line num="366" type="stmt" count="1"/>
        <line num="368" type="stmt" count="1"/>
        <line num="369" type="stmt" count="0"/>
        <line num="370" type="stmt" count="0"/>
        <line num="372" type="stmt" count="0"/>
        <line num="374" type="stmt" count="1"/>
        <line num="375" type="stmt" count="1"/>
        <line num="376" type="stmt" count="1"/>
        <line num="379" type="method" name="getSpellCheck" visibility="public" complexity="1" crap="1" count="1"/>
        <line num="381" type="stmt" count="1"/>
        <line num="387" type="method" name="setStyle" visibility="public" complexity="1" crap="2" count="0"/>
        <line num="389" type="stmt" count="0"/>
        <line num="391" type="stmt" count="0"/>
        <line num="394" type="method" name="getStyle" visibility="public" complexity="1" crap="2" count="0"/>
        <line num="396" type="stmt" count="0"/>
        <line num="402" type="method" name="setTabIndex" visibility="public" complexity="1" crap="2" count="0"/>
        <line num="404" type="stmt" count="0"/>
        <line num="406" type="stmt" count="0"/>
        <line num="409" type="method" name="getTabIndex" visibility="public" complexity="1" crap="2" count="0"/>
        <line num="411" type="stmt" count="0"/>
        <line num="417" type="method" name="setTitle" visibility="public" complexity="1" crap="2" count="0"/>
        <line num="419" type="stmt" count="0"/>
        <line num="420" type="stmt" count="0"/>
        <line num="423" type="method" name="getTitle" visibility="public" complexity="1" crap="2" count="0"/>
        <line num="425" type="stmt" count="0"/>
        <line num="431" type="method" name="setTranslate" visibility="public" complexity="1" crap="2" count="0"/>
        <line num="433" type="stmt" count="0"/>
        <line num="435" type="stmt" count="0"/>
        <line num="438" type="method" name="getTranslate" visibility="public" complexity="1" crap="2" count="0"/>
        <line num="440" type="stmt" count="0"/>
        <line num="446" type="method" name="setDataAttribute" visibility="public" complexity="1" crap="2" count="0"/>
        <line num="448" type="stmt" count="0"/>
        <line num="450" type="stmt" count="0"/>
        <line num="453" type="method" name="getDataAttribute" visibility="public" complexity="1" crap="2" count="0"/>
        <line num="455" type="stmt" count="0"/>
        <metrics loc="458" ncloc="362" classes="1" methods="48" coveredmethods="20" conditionals="0" coveredconditionals="0" statements="103" coveredstatements="59" elements="151" coveredelements="79"/>
      </file>
    </package>
    <metrics files="152" loc="15275" ncloc="11204" classes="81" methods="589" coveredmethods="76" conditionals="0" coveredconditionals="0" statements="1617" coveredstatements="335" elements="2206" coveredelements="411"/>
  </project>
</coverage>
