<?xml version="1.0" encoding="UTF-8"?>
<coverage generated="1749114621">
  <project timestamp="1749114621">
    <package name="Html\Delegator">
      <file name="/home/erik-poehler/Sites/ExtendedHTMLDocument/src/Delegator/HTMLDocumentDelegator.php">
        <class name="Html\Delegator\HTMLDocumentDelegator" namespace="Html\Delegator">
          <metrics complexity="13" methods="9" coveredmethods="6" conditionals="0" coveredconditionals="0" statements="17" coveredstatements="14" elements="26" coveredelements="20"/>
        </class>
        <line num="63" type="method" name="__construct" visibility="public" complexity="4" crap="4.25" count="107"/>
        <line num="67" type="stmt" count="107"/>
        <line num="68" type="stmt" count="0"/>
        <line num="70" type="stmt" count="107"/>
        <line num="71" type="stmt" count="107"/>
        <line num="75" type="method" name="__toString" visibility="public" complexity="1" crap="2" count="0"/>
        <line num="77" type="stmt" count="0"/>
        <line num="80" type="method" name="setRenderer" visibility="public" complexity="1" crap="1" count="1"/>
        <line num="82" type="stmt" count="1"/>
        <line num="85" type="method" name="createEmpty" visibility="public" complexity="1" crap="1" count="107"/>
        <line num="87" type="stmt" count="107"/>
        <line num="90" type="method" name="createFromString" visibility="public" complexity="1" crap="1" count="2"/>
        <line num="92" type="stmt" count="2"/>
        <line num="95" type="method" name="createFromFile" visibility="public" complexity="1" crap="1" count="1"/>
        <line num="97" type="stmt" count="1"/>
        <line num="100" type="method" name="createElement" visibility="public" complexity="2" crap="2.06" count="31"/>
        <line num="102" type="stmt" count="31"/>
        <line num="103" type="stmt" count="31"/>
        <line num="104" type="stmt" count="0"/>
        <line num="106" type="stmt" count="31"/>
        <line num="109" type="method" name="createTextNode" visibility="public" complexity="1" crap="1" count="10"/>
        <line num="111" type="stmt" count="10"/>
        <line num="112" type="stmt" count="10"/>
        <line num="115" type="method" name="getElementsByTagName" visibility="public" complexity="1" crap="1" count="2"/>
        <line num="117" type="stmt" count="2"/>
        <line num="118" type="stmt" count="2"/>
        <metrics loc="121" ncloc="81" classes="1" methods="9" coveredmethods="6" conditionals="0" coveredconditionals="0" statements="17" coveredstatements="14" elements="26" coveredelements="20"/>
      </file>
      <file name="/home/erik-poehler/Sites/ExtendedHTMLDocument/src/Delegator/HTMLElementDelegator.php">
        <class name="Html\Delegator\HTMLElementDelegator" namespace="Html\Delegator">
          <metrics complexity="51" methods="18" coveredmethods="13" conditionals="0" coveredconditionals="0" statements="103" coveredstatements="77" elements="121" coveredelements="90"/>
        </class>
        <line num="55" type="method" name="__construct" visibility="public" complexity="4" crap="4.25" count="82"/>
        <line num="59" type="stmt" count="82"/>
        <line num="60" type="stmt" count="0"/>
        <line num="62" type="stmt" count="82"/>
        <line num="63" type="stmt" count="82"/>
        <line num="67" type="method" name="__set" visibility="public" complexity="9" crap="9" count="15"/>
        <line num="69" type="stmt" count="15"/>
        <line num="70" type="stmt" count="1"/>
        <line num="73" type="stmt" count="15"/>
        <line num="74" type="stmt" count="4"/>
        <line num="77" type="stmt" count="15"/>
        <line num="79" type="stmt" count="4"/>
        <line num="80" type="stmt" count="4"/>
        <line num="81" type="stmt" count="4"/>
        <line num="82" type="stmt" count="4"/>
        <line num="83" type="stmt" count="4"/>
        <line num="84" type="stmt" count="4"/>
        <line num="85" type="stmt" count="4"/>
        <line num="86" type="stmt" count="4"/>
        <line num="87" type="stmt" count="4"/>
        <line num="90" type="stmt" count="0"/>
        <line num="94" type="stmt" count="15"/>
        <line num="95" type="stmt" count="15"/>
        <line num="96" type="stmt" count="10"/>
        <line num="97" type="stmt" count="10"/>
        <line num="98" type="stmt" count="10"/>
        <line num="99" type="stmt" count="10"/>
        <line num="101" type="stmt" count="5"/>
        <line num="102" type="stmt" count="5"/>
        <line num="103" type="stmt" count="5"/>
        <line num="107" type="method" name="__toString" visibility="public" complexity="1" crap="1" count="2"/>
        <line num="109" type="stmt" count="2"/>
        <line num="112" type="method" name="appendChild" visibility="public" complexity="2" crap="2.50" count="3"/>
        <line num="118" type="stmt" count="3"/>
        <line num="120" type="stmt" count="0"/>
        <line num="121" type="stmt" count="0"/>
        <line num="122" type="stmt" count="0"/>
        <line num="125" type="stmt" count="3"/>
        <line num="126" type="stmt" count="2"/>
        <line num="129" type="method" name="removeChild" visibility="public" complexity="4" crap="20" count="0"/>
        <line num="131" type="stmt" count="0"/>
        <line num="132" type="stmt" count="0"/>
        <line num="135" type="stmt" count="0"/>
        <line num="137" type="stmt" count="0"/>
        <line num="138" type="stmt" count="0"/>
        <line num="139" type="stmt" count="0"/>
        <line num="141" type="stmt" count="0"/>
        <line num="142" type="stmt" count="0"/>
        <line num="143" type="stmt" count="0"/>
        <line num="145" type="stmt" count="0"/>
        <line num="146" type="stmt" count="0"/>
        <line num="149" type="method" name="replaceChild" visibility="public" complexity="4" crap="20" count="0"/>
        <line num="153" type="stmt" count="0"/>
        <line num="154" type="stmt" count="0"/>
        <line num="156" type="stmt" count="0"/>
        <line num="157" type="stmt" count="0"/>
        <line num="159" type="stmt" count="0"/>
        <line num="161" type="stmt" count="0"/>
        <line num="162" type="stmt" count="0"/>
        <line num="163" type="stmt" count="0"/>
        <line num="165" type="stmt" count="0"/>
        <line num="166" type="stmt" count="0"/>
        <line num="169" type="method" name="setRenderer" visibility="public" complexity="1" crap="1" count="1"/>
        <line num="171" type="stmt" count="1"/>
        <line num="175" type="method" name="setAttribute" visibility="public" complexity="14" crap="14" count="14"/>
        <line num="177" type="stmt" count="14"/>
        <line num="179" type="stmt" count="9"/>
        <line num="180" type="stmt" count="8"/>
        <line num="181" type="stmt" count="8"/>
        <line num="182" type="stmt" count="8"/>
        <line num="184" type="stmt" count="8"/>
        <line num="185" type="stmt" count="1"/>
        <line num="186" type="stmt" count="1"/>
        <line num="187" type="stmt" count="1"/>
        <line num="188" type="stmt" count="1"/>
        <line num="192" type="stmt" count="8"/>
        <line num="194" type="stmt" count="8"/>
        <line num="195" type="stmt" count="1"/>
        <line num="196" type="stmt" count="1"/>
        <line num="197" type="stmt" count="1"/>
        <line num="198" type="stmt" count="1"/>
        <line num="201" type="stmt" count="7"/>
        <line num="205" type="stmt" count="14"/>
        <line num="206" type="stmt" count="5"/>
        <line num="208" type="stmt" count="14"/>
        <line num="209" type="stmt" count="1"/>
        <line num="212" type="stmt" count="14"/>
        <line num="213" type="stmt" count="1"/>
        <line num="214" type="stmt" count="1"/>
        <line num="215" type="stmt" count="1"/>
        <line num="217" type="stmt" count="13"/>
        <line num="218" type="stmt" count="13"/>
        <line num="221" type="method" name="getAttribute" visibility="public" complexity="2" crap="2" count="17"/>
        <line num="223" type="stmt" count="17"/>
        <line num="224" type="stmt" count="9"/>
        <line num="226" type="stmt" count="8"/>
        <line num="229" type="method" name="setAttributes" visibility="public" complexity="2" crap="2" count="4"/>
        <line num="232" type="stmt" count="4"/>
        <line num="233" type="stmt" count="4"/>
        <line num="234" type="stmt" count="4"/>
        <line num="236" type="stmt" count="4"/>
        <line num="240" type="method" name="create" visibility="public" complexity="1" crap="1" count="51"/>
        <line num="242" type="stmt" count="51"/>
        <line num="243" type="stmt" count="51"/>
        <line num="244" type="stmt" count="51"/>
        <line num="245" type="stmt" count="51"/>
        <line num="246" type="stmt" count="51"/>
        <line num="252" type="method" name="isUniquePerParent" visibility="public" complexity="1" crap="1" count="1"/>
        <line num="254" type="stmt" count="1"/>
        <line num="260" type="method" name="isUnique" visibility="public" complexity="1" crap="1" count="1"/>
        <line num="262" type="stmt" count="1"/>
        <line num="268" type="method" name="isSelfClosing" visibility="public" complexity="1" crap="1" count="1"/>
        <line num="270" type="stmt" count="1"/>
        <line num="276" type="method" name="getQualifiedName" visibility="public" complexity="1" crap="1" count="52"/>
        <line num="278" type="stmt" count="52"/>
        <line num="284" type="method" name="childOf" visibility="public" complexity="1" crap="1" count="2"/>
        <line num="286" type="stmt" count="2"/>
        <line num="292" type="method" name="parentOf" visibility="public" complexity="1" crap="1" count="2"/>
        <line num="294" type="stmt" count="2"/>
        <line num="297" type="method" name="getOwnerDocument" visibility="public" complexity="1" crap="1" count="3"/>
        <line num="299" type="stmt" count="3"/>
        <metrics loc="302" ncloc="251" classes="1" methods="18" coveredmethods="13" conditionals="0" coveredconditionals="0" statements="103" coveredstatements="77" elements="121" coveredelements="90"/>
      </file>
      <file name="/home/erik-poehler/Sites/ExtendedHTMLDocument/src/Delegator/NodeDelegator.php">
        <class name="Html\Delegator\NodeDelegator" namespace="Html\Delegator">
          <metrics complexity="3" methods="3" coveredmethods="2" conditionals="0" coveredconditionals="0" statements="3" coveredstatements="2" elements="6" coveredelements="4"/>
        </class>
        <line num="25" type="method" name="__construct" visibility="public" complexity="1" crap="1" count="11"/>
        <line num="28" type="stmt" count="11"/>
        <line num="30" type="method" name="getNode" visibility="public" complexity="1" crap="1" count="1"/>
        <line num="32" type="stmt" count="1"/>
        <line num="35" type="method" name="getOwnerDocument" visibility="public" complexity="1" crap="2" count="0"/>
        <line num="37" type="stmt" count="0"/>
        <metrics loc="40" ncloc="32" classes="1" methods="3" coveredmethods="2" conditionals="0" coveredconditionals="0" statements="3" coveredstatements="2" elements="6" coveredelements="4"/>
      </file>
      <file name="/home/erik-poehler/Sites/ExtendedHTMLDocument/src/Delegator/NodeListDelegator.php">
        <class name="Html\Delegator\NodeListDelegator" namespace="Html\Delegator">
          <metrics complexity="6" methods="4" coveredmethods="3" conditionals="0" coveredconditionals="0" statements="12" coveredstatements="11" elements="16" coveredelements="14"/>
        </class>
        <line num="76" type="method" name="__construct" visibility="public" complexity="1" crap="1" count="5"/>
        <line num="79" type="stmt" count="5"/>
        <line num="81" type="method" name="__call" visibility="public" complexity="2" crap="2" count="3"/>
        <line num="83" type="stmt" count="3"/>
        <line num="84" type="stmt" count="3"/>
        <line num="85" type="stmt" count="2"/>
        <line num="86" type="stmt" count="2"/>
        <line num="87" type="stmt" count="2"/>
        <line num="89" type="stmt" count="1"/>
        <line num="90" type="stmt" count="1"/>
        <line num="91" type="stmt" count="1"/>
        <line num="94" type="method" name="item" visibility="public" complexity="2" crap="2" count="1"/>
        <line num="96" type="stmt" count="1"/>
        <line num="97" type="stmt" count="1"/>
        <line num="100" type="method" name="getNodeList" visibility="public" complexity="1" crap="2" count="0"/>
        <line num="102" type="stmt" count="0"/>
        <metrics loc="105" ncloc="48" classes="1" methods="4" coveredmethods="3" conditionals="0" coveredconditionals="0" statements="12" coveredstatements="11" elements="16" coveredelements="14"/>
      </file>
      <file name="/home/erik-poehler/Sites/ExtendedHTMLDocument/src/Delegator/TextDelegator.php">
        <class name="Html\Delegator\TextDelegator" namespace="Html\Delegator">
          <metrics complexity="3" methods="3" coveredmethods="1" conditionals="0" coveredconditionals="0" statements="3" coveredstatements="1" elements="6" coveredelements="2"/>
        </class>
        <line num="25" type="method" name="__construct" visibility="public" complexity="1" crap="1" count="10"/>
        <line num="28" type="stmt" count="10"/>
        <line num="30" type="method" name="getText" visibility="public" complexity="1" crap="2" count="0"/>
        <line num="32" type="stmt" count="0"/>
        <line num="35" type="method" name="getOwnerDocument" visibility="public" complexity="1" crap="2" count="0"/>
        <line num="37" type="stmt" count="0"/>
        <metrics loc="40" ncloc="32" classes="1" methods="3" coveredmethods="1" conditionals="0" coveredconditionals="0" statements="3" coveredstatements="1" elements="6" coveredelements="2"/>
      </file>
    </package>
    <package name="Html\Enum">
      <file name="/home/erik-poehler/Sites/ExtendedHTMLDocument/src/Enum/AlignEnum.php">
        <class name="Html\Enum\AlignEnum" namespace="Html\Enum">
          <metrics complexity="1" methods="1" coveredmethods="1" conditionals="0" coveredconditionals="0" statements="1" coveredstatements="1" elements="2" coveredelements="2"/>
        </class>
        <line num="24" type="method" name="getQualifiedName" visibility="public" complexity="1" crap="1" count="1"/>
        <line num="26" type="stmt" count="1"/>
        <metrics loc="29" ncloc="19" classes="1" methods="1" coveredmethods="1" conditionals="0" coveredconditionals="0" statements="1" coveredstatements="1" elements="2" coveredelements="2"/>
      </file>
      <file name="/home/erik-poehler/Sites/ExtendedHTMLDocument/src/Enum/AutoCapitalizeEnum.php">
        <class name="Html\Enum\AutoCapitalizeEnum" namespace="Html\Enum">
          <metrics complexity="1" methods="1" coveredmethods="1" conditionals="0" coveredconditionals="0" statements="1" coveredstatements="1" elements="2" coveredelements="2"/>
        </class>
        <line num="20" type="method" name="getQualifiedName" visibility="public" complexity="1" crap="1" count="1"/>
        <line num="22" type="stmt" count="1"/>
        <metrics loc="25" ncloc="18" classes="1" methods="1" coveredmethods="1" conditionals="0" coveredconditionals="0" statements="1" coveredstatements="1" elements="2" coveredelements="2"/>
      </file>
      <file name="/home/erik-poehler/Sites/ExtendedHTMLDocument/src/Enum/AutocompleteEnum.php">
        <class name="Html\Enum\AutocompleteEnum" namespace="Html\Enum">
          <metrics complexity="2" methods="2" coveredmethods="2" conditionals="0" coveredconditionals="0" statements="2" coveredstatements="2" elements="4" coveredelements="4"/>
        </class>
        <line num="22" type="method" name="getQualifiedName" visibility="public" complexity="1" crap="1" count="1"/>
        <line num="24" type="stmt" count="1"/>
        <line num="27" type="method" name="getDefault" visibility="public" complexity="1" crap="1" count="1"/>
        <line num="29" type="stmt" count="1"/>
        <metrics loc="32" ncloc="20" classes="1" methods="2" coveredmethods="2" conditionals="0" coveredconditionals="0" statements="2" coveredstatements="2" elements="4" coveredelements="4"/>
      </file>
      <file name="/home/erik-poehler/Sites/ExtendedHTMLDocument/src/Enum/ContentEditableEnum.php">
        <class name="Html\Enum\ContentEditableEnum" namespace="Html\Enum">
          <metrics complexity="1" methods="1" coveredmethods="1" conditionals="0" coveredconditionals="0" statements="1" coveredstatements="1" elements="2" coveredelements="2"/>
        </class>
        <line num="19" type="method" name="getQualifiedName" visibility="public" complexity="1" crap="1" count="2"/>
        <line num="21" type="stmt" count="2"/>
        <metrics loc="24" ncloc="17" classes="1" methods="1" coveredmethods="1" conditionals="0" coveredconditionals="0" statements="1" coveredstatements="1" elements="2" coveredelements="2"/>
      </file>
      <file name="/home/erik-poehler/Sites/ExtendedHTMLDocument/src/Enum/CrossoriginEnum.php">
        <class name="Html\Enum\CrossoriginEnum" namespace="Html\Enum">
          <metrics complexity="1" methods="1" coveredmethods="1" conditionals="0" coveredconditionals="0" statements="1" coveredstatements="1" elements="2" coveredelements="2"/>
        </class>
        <line num="21" type="method" name="getQualifiedName" visibility="public" complexity="1" crap="1" count="1"/>
        <line num="23" type="stmt" count="1"/>
        <metrics loc="26" ncloc="16" classes="1" methods="1" coveredmethods="1" conditionals="0" coveredconditionals="0" statements="1" coveredstatements="1" elements="2" coveredelements="2"/>
      </file>
      <file name="/home/erik-poehler/Sites/ExtendedHTMLDocument/src/Enum/DecodingEnum.php">
        <class name="Html\Enum\DecodingEnum" namespace="Html\Enum">
          <metrics complexity="1" methods="1" coveredmethods="1" conditionals="0" coveredconditionals="0" statements="1" coveredstatements="1" elements="2" coveredelements="2"/>
        </class>
        <line num="22" type="method" name="getQualifiedName" visibility="public" complexity="1" crap="1" count="1"/>
        <line num="24" type="stmt" count="1"/>
        <metrics loc="27" ncloc="17" classes="1" methods="1" coveredmethods="1" conditionals="0" coveredconditionals="0" statements="1" coveredstatements="1" elements="2" coveredelements="2"/>
      </file>
      <file name="/home/erik-poehler/Sites/ExtendedHTMLDocument/src/Enum/DirectionEnum.php">
        <class name="Html\Enum\DirectionEnum" namespace="Html\Enum">
          <metrics complexity="1" methods="1" coveredmethods="1" conditionals="0" coveredconditionals="0" statements="1" coveredstatements="1" elements="2" coveredelements="2"/>
        </class>
        <line num="19" type="method" name="getQualifiedName" visibility="public" complexity="1" crap="1" count="1"/>
        <line num="21" type="stmt" count="1"/>
        <metrics loc="24" ncloc="15" classes="1" methods="1" coveredmethods="1" conditionals="0" coveredconditionals="0" statements="1" coveredstatements="1" elements="2" coveredelements="2"/>
      </file>
      <file name="/home/erik-poehler/Sites/ExtendedHTMLDocument/src/Enum/EnctypeEnum.php">
        <class name="Html\Enum\EnctypeEnum" namespace="Html\Enum">
          <metrics complexity="1" methods="1" coveredmethods="1" conditionals="0" coveredconditionals="0" statements="1" coveredstatements="1" elements="2" coveredelements="2"/>
        </class>
        <line num="22" type="method" name="getQualifiedName" visibility="public" complexity="1" crap="1" count="1"/>
        <line num="24" type="stmt" count="1"/>
        <metrics loc="27" ncloc="17" classes="1" methods="1" coveredmethods="1" conditionals="0" coveredconditionals="0" statements="1" coveredstatements="1" elements="2" coveredelements="2"/>
      </file>
      <file name="/home/erik-poehler/Sites/ExtendedHTMLDocument/src/Enum/HttpEquivEnum.php">
        <class name="Html\Enum\HttpEquivEnum" namespace="Html\Enum">
          <metrics complexity="1" methods="1" coveredmethods="1" conditionals="0" coveredconditionals="0" statements="1" coveredstatements="1" elements="2" coveredelements="2"/>
        </class>
        <line num="23" type="method" name="getQualifiedName" visibility="public" complexity="1" crap="1" count="1"/>
        <line num="25" type="stmt" count="1"/>
        <metrics loc="28" ncloc="18" classes="1" methods="1" coveredmethods="1" conditionals="0" coveredconditionals="0" statements="1" coveredstatements="1" elements="2" coveredelements="2"/>
      </file>
      <file name="/home/erik-poehler/Sites/ExtendedHTMLDocument/src/Enum/InputModeEnum.php">
        <class name="Html\Enum\InputModeEnum" namespace="Html\Enum">
          <metrics complexity="1" methods="1" coveredmethods="1" conditionals="0" coveredconditionals="0" statements="1" coveredstatements="1" elements="2" coveredelements="2"/>
        </class>
        <line num="24" type="method" name="getQualifiedName" visibility="public" complexity="1" crap="1" count="1"/>
        <line num="26" type="stmt" count="1"/>
        <metrics loc="29" ncloc="22" classes="1" methods="1" coveredmethods="1" conditionals="0" coveredconditionals="0" statements="1" coveredstatements="1" elements="2" coveredelements="2"/>
      </file>
      <file name="/home/erik-poehler/Sites/ExtendedHTMLDocument/src/Enum/KindEnum.php">
        <class name="Html\Enum\KindEnum" namespace="Html\Enum">
          <metrics complexity="2" methods="2" coveredmethods="2" conditionals="0" coveredconditionals="0" statements="2" coveredstatements="2" elements="4" coveredelements="4"/>
        </class>
        <line num="25" type="method" name="getQualifiedName" visibility="public" complexity="1" crap="1" count="1"/>
        <line num="27" type="stmt" count="1"/>
        <line num="30" type="method" name="getDefault" visibility="public" complexity="1" crap="1" count="1"/>
        <line num="32" type="stmt" count="1"/>
        <metrics loc="35" ncloc="23" classes="1" methods="2" coveredmethods="2" conditionals="0" coveredconditionals="0" statements="2" coveredstatements="2" elements="4" coveredelements="4"/>
      </file>
      <file name="/home/erik-poehler/Sites/ExtendedHTMLDocument/src/Enum/MethodEnum.php">
        <class name="Html\Enum\MethodEnum" namespace="Html\Enum">
          <metrics complexity="2" methods="2" coveredmethods="2" conditionals="0" coveredconditionals="0" statements="2" coveredstatements="2" elements="4" coveredelements="4"/>
        </class>
        <line num="22" type="method" name="getQualifiedName" visibility="public" complexity="1" crap="1" count="1"/>
        <line num="24" type="stmt" count="1"/>
        <line num="27" type="method" name="getDefault" visibility="public" complexity="1" crap="1" count="1"/>
        <line num="29" type="stmt" count="1"/>
        <metrics loc="32" ncloc="20" classes="1" methods="2" coveredmethods="2" conditionals="0" coveredconditionals="0" statements="2" coveredstatements="2" elements="4" coveredelements="4"/>
      </file>
      <file name="/home/erik-poehler/Sites/ExtendedHTMLDocument/src/Enum/PreloadEnum.php">
        <class name="Html\Enum\PreloadEnum" namespace="Html\Enum">
          <metrics complexity="1" methods="1" coveredmethods="1" conditionals="0" coveredconditionals="0" statements="1" coveredstatements="1" elements="2" coveredelements="2"/>
        </class>
        <line num="22" type="method" name="getQualifiedName" visibility="public" complexity="1" crap="1" count="1"/>
        <line num="24" type="stmt" count="1"/>
        <metrics loc="27" ncloc="17" classes="1" methods="1" coveredmethods="1" conditionals="0" coveredconditionals="0" statements="1" coveredstatements="1" elements="2" coveredelements="2"/>
      </file>
      <file name="/home/erik-poehler/Sites/ExtendedHTMLDocument/src/Enum/ReferrerpolicyEnum.php">
        <class name="Html\Enum\ReferrerpolicyEnum" namespace="Html\Enum">
          <metrics complexity="1" methods="1" coveredmethods="1" conditionals="0" coveredconditionals="0" statements="1" coveredstatements="1" elements="2" coveredelements="2"/>
        </class>
        <line num="27" type="method" name="getQualifiedName" visibility="public" complexity="1" crap="1" count="1"/>
        <line num="29" type="stmt" count="1"/>
        <metrics loc="32" ncloc="22" classes="1" methods="1" coveredmethods="1" conditionals="0" coveredconditionals="0" statements="1" coveredstatements="1" elements="2" coveredelements="2"/>
      </file>
      <file name="/home/erik-poehler/Sites/ExtendedHTMLDocument/src/Enum/RelEnum.php">
        <class name="Html\Enum\RelEnum" namespace="Html\Enum">
          <metrics complexity="1" methods="1" coveredmethods="1" conditionals="0" coveredconditionals="0" statements="1" coveredstatements="1" elements="2" coveredelements="2"/>
        </class>
        <line num="35" type="method" name="getQualifiedName" visibility="public" complexity="1" crap="1" count="1"/>
        <line num="37" type="stmt" count="1"/>
        <metrics loc="40" ncloc="30" classes="1" methods="1" coveredmethods="1" conditionals="0" coveredconditionals="0" statements="1" coveredstatements="1" elements="2" coveredelements="2"/>
      </file>
      <file name="/home/erik-poehler/Sites/ExtendedHTMLDocument/src/Enum/ShapeEnum.php">
        <class name="Html\Enum\ShapeEnum" namespace="Html\Enum">
          <metrics complexity="1" methods="1" coveredmethods="1" conditionals="0" coveredconditionals="0" statements="1" coveredstatements="1" elements="2" coveredelements="2"/>
        </class>
        <line num="23" type="method" name="getQualifiedName" visibility="public" complexity="1" crap="1" count="1"/>
        <line num="25" type="stmt" count="1"/>
        <metrics loc="28" ncloc="18" classes="1" methods="1" coveredmethods="1" conditionals="0" coveredconditionals="0" statements="1" coveredstatements="1" elements="2" coveredelements="2"/>
      </file>
      <file name="/home/erik-poehler/Sites/ExtendedHTMLDocument/src/Enum/SpellCheckEnum.php">
        <class name="Html\Enum\SpellCheckEnum" namespace="Html\Enum">
          <metrics complexity="1" methods="1" coveredmethods="1" conditionals="0" coveredconditionals="0" statements="1" coveredstatements="1" elements="2" coveredelements="2"/>
        </class>
        <line num="18" type="method" name="getQualifiedName" visibility="public" complexity="1" crap="1" count="1"/>
        <line num="20" type="stmt" count="1"/>
        <metrics loc="23" ncloc="16" classes="1" methods="1" coveredmethods="1" conditionals="0" coveredconditionals="0" statements="1" coveredstatements="1" elements="2" coveredelements="2"/>
      </file>
      <file name="/home/erik-poehler/Sites/ExtendedHTMLDocument/src/Enum/TargetEnum.php">
        <class name="Html\Enum\TargetEnum" namespace="Html\Enum">
          <metrics complexity="2" methods="2" coveredmethods="2" conditionals="0" coveredconditionals="0" statements="2" coveredstatements="2" elements="4" coveredelements="4"/>
        </class>
        <line num="24" type="method" name="getQualifiedName" visibility="public" complexity="1" crap="1" count="1"/>
        <line num="26" type="stmt" count="1"/>
        <line num="29" type="method" name="getDefault" visibility="public" complexity="1" crap="1" count="1"/>
        <line num="31" type="stmt" count="1"/>
        <metrics loc="34" ncloc="22" classes="1" methods="2" coveredmethods="2" conditionals="0" coveredconditionals="0" statements="2" coveredstatements="2" elements="4" coveredelements="4"/>
      </file>
      <file name="/home/erik-poehler/Sites/ExtendedHTMLDocument/src/Enum/TypeButtonEnum.php">
        <class name="Html\Enum\TypeButtonEnum" namespace="Html\Enum">
          <metrics complexity="1" methods="1" coveredmethods="1" conditionals="0" coveredconditionals="0" statements="1" coveredstatements="1" elements="2" coveredelements="2"/>
        </class>
        <line num="22" type="method" name="getQualifiedName" visibility="public" complexity="1" crap="1" count="1"/>
        <line num="24" type="stmt" count="1"/>
        <metrics loc="27" ncloc="17" classes="1" methods="1" coveredmethods="1" conditionals="0" coveredconditionals="0" statements="1" coveredstatements="1" elements="2" coveredelements="2"/>
      </file>
      <file name="/home/erik-poehler/Sites/ExtendedHTMLDocument/src/Enum/TypeInputEnum.php">
        <class name="Html\Enum\TypeInputEnum" namespace="Html\Enum">
          <metrics complexity="2" methods="2" coveredmethods="2" conditionals="0" coveredconditionals="0" statements="2" coveredstatements="2" elements="4" coveredelements="4"/>
        </class>
        <line num="42" type="method" name="getQualifiedName" visibility="public" complexity="1" crap="1" count="1"/>
        <line num="44" type="stmt" count="1"/>
        <line num="47" type="method" name="getDefault" visibility="public" complexity="1" crap="1" count="1"/>
        <line num="49" type="stmt" count="1"/>
        <metrics loc="52" ncloc="40" classes="1" methods="2" coveredmethods="2" conditionals="0" coveredconditionals="0" statements="2" coveredstatements="2" elements="4" coveredelements="4"/>
      </file>
      <file name="/home/erik-poehler/Sites/ExtendedHTMLDocument/src/Enum/TypeOlEnum.php">
        <class name="Html\Enum\TypeOlEnum" namespace="Html\Enum">
          <metrics complexity="2" methods="2" coveredmethods="2" conditionals="0" coveredconditionals="0" statements="2" coveredstatements="2" elements="4" coveredelements="4"/>
        </class>
        <line num="25" type="method" name="getQualifiedName" visibility="public" complexity="1" crap="1" count="1"/>
        <line num="27" type="stmt" count="1"/>
        <line num="30" type="method" name="getDefault" visibility="public" complexity="1" crap="1" count="1"/>
        <line num="32" type="stmt" count="1"/>
        <metrics loc="35" ncloc="23" classes="1" methods="2" coveredmethods="2" conditionals="0" coveredconditionals="0" statements="2" coveredstatements="2" elements="4" coveredelements="4"/>
      </file>
      <file name="/home/erik-poehler/Sites/ExtendedHTMLDocument/src/Enum/TypeScriptEnum.php">
        <class name="Html\Enum\TypeScriptEnum" namespace="Html\Enum">
          <metrics complexity="2" methods="2" coveredmethods="2" conditionals="0" coveredconditionals="0" statements="2" coveredstatements="2" elements="4" coveredelements="4"/>
        </class>
        <line num="22" type="method" name="getQualifiedName" visibility="public" complexity="1" crap="1" count="1"/>
        <line num="24" type="stmt" count="1"/>
        <line num="27" type="method" name="getDefault" visibility="public" complexity="1" crap="1" count="1"/>
        <line num="29" type="stmt" count="1"/>
        <metrics loc="32" ncloc="20" classes="1" methods="2" coveredmethods="2" conditionals="0" coveredconditionals="0" statements="2" coveredstatements="2" elements="4" coveredelements="4"/>
      </file>
      <file name="/home/erik-poehler/Sites/ExtendedHTMLDocument/src/Enum/TypeStyleEnum.php">
        <class name="Html\Enum\TypeStyleEnum" namespace="Html\Enum">
          <metrics complexity="2" methods="2" coveredmethods="2" conditionals="0" coveredconditionals="0" statements="2" coveredstatements="2" elements="4" coveredelements="4"/>
        </class>
        <line num="21" type="method" name="getQualifiedName" visibility="public" complexity="1" crap="1" count="1"/>
        <line num="23" type="stmt" count="1"/>
        <line num="26" type="method" name="getDefault" visibility="public" complexity="1" crap="1" count="1"/>
        <line num="28" type="stmt" count="1"/>
        <metrics loc="31" ncloc="19" classes="1" methods="2" coveredmethods="2" conditionals="0" coveredconditionals="0" statements="2" coveredstatements="2" elements="4" coveredelements="4"/>
      </file>
      <file name="/home/erik-poehler/Sites/ExtendedHTMLDocument/src/Enum/ValignEnum.php">
        <class name="Html\Enum\ValignEnum" namespace="Html\Enum">
          <metrics complexity="1" methods="1" coveredmethods="1" conditionals="0" coveredconditionals="0" statements="1" coveredstatements="1" elements="2" coveredelements="2"/>
        </class>
        <line num="23" type="method" name="getQualifiedName" visibility="public" complexity="1" crap="1" count="1"/>
        <line num="25" type="stmt" count="1"/>
        <metrics loc="28" ncloc="18" classes="1" methods="1" coveredmethods="1" conditionals="0" coveredconditionals="0" statements="1" coveredstatements="1" elements="2" coveredelements="2"/>
      </file>
      <file name="/home/erik-poehler/Sites/ExtendedHTMLDocument/src/Enum/WrapEnum.php">
        <class name="Html\Enum\WrapEnum" namespace="Html\Enum">
          <metrics complexity="2" methods="2" coveredmethods="2" conditionals="0" coveredconditionals="0" statements="2" coveredstatements="2" elements="4" coveredelements="4"/>
        </class>
        <line num="23" type="method" name="getQualifiedName" visibility="public" complexity="1" crap="1" count="1"/>
        <line num="25" type="stmt" count="1"/>
        <line num="28" type="method" name="getDefault" visibility="public" complexity="1" crap="1" count="1"/>
        <line num="30" type="stmt" count="1"/>
        <metrics loc="33" ncloc="21" classes="1" methods="2" coveredmethods="2" conditionals="0" coveredconditionals="0" statements="2" coveredstatements="2" elements="4" coveredelements="4"/>
      </file>
    </package>
    <package name="Html\Helper">
      <file name="/home/erik-poehler/Sites/ExtendedHTMLDocument/src/Helper/Helper.php">
        <class name="Html\Helper\Helper" namespace="Html\Helper">
          <metrics complexity="3" methods="2" coveredmethods="2" conditionals="0" coveredconditionals="0" statements="91" coveredstatements="91" elements="93" coveredelements="93"/>
        </class>
        <line num="11" type="method" name="isBackedEnum" visibility="public" complexity="2" crap="2" count="16"/>
        <line num="13" type="stmt" count="16"/>
        <line num="16" type="method" name="getReservedWords" visibility="public" complexity="1" crap="1" count="1"/>
        <line num="18" type="stmt" count="1"/>
        <line num="19" type="stmt" count="1"/>
        <line num="20" type="stmt" count="1"/>
        <line num="21" type="stmt" count="1"/>
        <line num="22" type="stmt" count="1"/>
        <line num="23" type="stmt" count="1"/>
        <line num="24" type="stmt" count="1"/>
        <line num="25" type="stmt" count="1"/>
        <line num="26" type="stmt" count="1"/>
        <line num="27" type="stmt" count="1"/>
        <line num="28" type="stmt" count="1"/>
        <line num="29" type="stmt" count="1"/>
        <line num="30" type="stmt" count="1"/>
        <line num="31" type="stmt" count="1"/>
        <line num="32" type="stmt" count="1"/>
        <line num="33" type="stmt" count="1"/>
        <line num="34" type="stmt" count="1"/>
        <line num="35" type="stmt" count="1"/>
        <line num="36" type="stmt" count="1"/>
        <line num="37" type="stmt" count="1"/>
        <line num="38" type="stmt" count="1"/>
        <line num="39" type="stmt" count="1"/>
        <line num="40" type="stmt" count="1"/>
        <line num="41" type="stmt" count="1"/>
        <line num="42" type="stmt" count="1"/>
        <line num="43" type="stmt" count="1"/>
        <line num="44" type="stmt" count="1"/>
        <line num="45" type="stmt" count="1"/>
        <line num="46" type="stmt" count="1"/>
        <line num="47" type="stmt" count="1"/>
        <line num="48" type="stmt" count="1"/>
        <line num="49" type="stmt" count="1"/>
        <line num="50" type="stmt" count="1"/>
        <line num="51" type="stmt" count="1"/>
        <line num="52" type="stmt" count="1"/>
        <line num="53" type="stmt" count="1"/>
        <line num="54" type="stmt" count="1"/>
        <line num="55" type="stmt" count="1"/>
        <line num="56" type="stmt" count="1"/>
        <line num="57" type="stmt" count="1"/>
        <line num="58" type="stmt" count="1"/>
        <line num="59" type="stmt" count="1"/>
        <line num="60" type="stmt" count="1"/>
        <line num="61" type="stmt" count="1"/>
        <line num="62" type="stmt" count="1"/>
        <line num="63" type="stmt" count="1"/>
        <line num="64" type="stmt" count="1"/>
        <line num="65" type="stmt" count="1"/>
        <line num="66" type="stmt" count="1"/>
        <line num="67" type="stmt" count="1"/>
        <line num="68" type="stmt" count="1"/>
        <line num="69" type="stmt" count="1"/>
        <line num="70" type="stmt" count="1"/>
        <line num="71" type="stmt" count="1"/>
        <line num="72" type="stmt" count="1"/>
        <line num="73" type="stmt" count="1"/>
        <line num="74" type="stmt" count="1"/>
        <line num="75" type="stmt" count="1"/>
        <line num="76" type="stmt" count="1"/>
        <line num="77" type="stmt" count="1"/>
        <line num="78" type="stmt" count="1"/>
        <line num="79" type="stmt" count="1"/>
        <line num="80" type="stmt" count="1"/>
        <line num="81" type="stmt" count="1"/>
        <line num="82" type="stmt" count="1"/>
        <line num="83" type="stmt" count="1"/>
        <line num="84" type="stmt" count="1"/>
        <line num="85" type="stmt" count="1"/>
        <line num="86" type="stmt" count="1"/>
        <line num="87" type="stmt" count="1"/>
        <line num="88" type="stmt" count="1"/>
        <line num="89" type="stmt" count="1"/>
        <line num="90" type="stmt" count="1"/>
        <line num="91" type="stmt" count="1"/>
        <line num="92" type="stmt" count="1"/>
        <line num="93" type="stmt" count="1"/>
        <line num="94" type="stmt" count="1"/>
        <line num="95" type="stmt" count="1"/>
        <line num="96" type="stmt" count="1"/>
        <line num="97" type="stmt" count="1"/>
        <line num="98" type="stmt" count="1"/>
        <line num="99" type="stmt" count="1"/>
        <line num="100" type="stmt" count="1"/>
        <line num="101" type="stmt" count="1"/>
        <line num="102" type="stmt" count="1"/>
        <line num="103" type="stmt" count="1"/>
        <line num="104" type="stmt" count="1"/>
        <line num="105" type="stmt" count="1"/>
        <line num="106" type="stmt" count="1"/>
        <line num="107" type="stmt" count="1"/>
        <metrics loc="110" ncloc="110" classes="1" methods="2" coveredmethods="2" conditionals="0" coveredconditionals="0" statements="91" coveredstatements="91" elements="93" coveredelements="93"/>
      </file>
    </package>
    <file name="/home/erik-poehler/Sites/ExtendedHTMLDocument/src/Interface/HTMLDocumentDelegatorInterface.php">
      <metrics loc="32" ncloc="29" classes="0" methods="0" coveredmethods="0" conditionals="0" coveredconditionals="0" statements="0" coveredstatements="0" elements="0" coveredelements="0"/>
    </file>
    <file name="/home/erik-poehler/Sites/ExtendedHTMLDocument/src/Interface/HTMLElementDelegatorInterface.php">
      <metrics loc="67" ncloc="64" classes="0" methods="0" coveredmethods="0" conditionals="0" coveredconditionals="0" statements="0" coveredstatements="0" elements="0" coveredelements="0"/>
    </file>
    <file name="/home/erik-poehler/Sites/ExtendedHTMLDocument/src/Interface/NodeDelegatorInterface.php">
      <metrics loc="22" ncloc="19" classes="0" methods="0" coveredmethods="0" conditionals="0" coveredconditionals="0" statements="0" coveredstatements="0" elements="0" coveredelements="0"/>
    </file>
    <file name="/home/erik-poehler/Sites/ExtendedHTMLDocument/src/Interface/TemplateGeneratorInterface.php">
      <metrics loc="23" ncloc="23" classes="0" methods="0" coveredmethods="0" conditionals="0" coveredconditionals="0" statements="0" coveredstatements="0" elements="0" coveredelements="0"/>
    </file>
    <file name="/home/erik-poehler/Sites/ExtendedHTMLDocument/src/Interface/TextDelegatorInterface.php">
      <metrics loc="20" ncloc="19" classes="0" methods="0" coveredmethods="0" conditionals="0" coveredconditionals="0" statements="0" coveredstatements="0" elements="0" coveredelements="0"/>
    </file>
    <package name="Html\TemplateGenerator">
      <file name="/home/erik-poehler/Sites/ExtendedHTMLDocument/src/TemplateGenerator/HTMLGenerator.php">
        <class name="Html\TemplateGenerator\HTMLGenerator" namespace="Html\TemplateGenerator">
          <metrics complexity="10" methods="8" coveredmethods="5" conditionals="0" coveredconditionals="0" statements="12" coveredstatements="9" elements="20" coveredelements="14"/>
        </class>
        <line num="13" type="method" name="getExtension" visibility="public" complexity="1" crap="1" count="1"/>
        <line num="15" type="stmt" count="1"/>
        <line num="18" type="method" name="getNamePattern" visibility="public" complexity="1" crap="1" count="1"/>
        <line num="20" type="stmt" count="1"/>
        <line num="23" type="method" name="canRenderElements" visibility="public" complexity="1" crap="1" count="1"/>
        <line num="25" type="stmt" count="1"/>
        <line num="28" type="method" name="canRenderDocuments" visibility="public" complexity="1" crap="1" count="1"/>
        <line num="30" type="stmt" count="1"/>
        <line num="33" type="method" name="isTemplated" visibility="public" complexity="1" crap="2" count="0"/>
        <line num="35" type="stmt" count="0"/>
        <line num="38" type="method" name="render" visibility="public" complexity="3" crap="3.07" count="4"/>
        <line num="40" type="stmt" count="4"/>
        <line num="41" type="stmt" count="0"/>
        <line num="43" type="stmt" count="4"/>
        <line num="44" type="stmt" count="3"/>
        <line num="47" type="stmt" count="1"/>
        <line num="50" type="method" name="renderElement" visibility="public" complexity="1" crap="1" count="3"/>
        <line num="52" type="stmt" count="3"/>
        <line num="55" type="method" name="renderDocument" visibility="public" complexity="1" crap="2" count="0"/>
        <line num="57" type="stmt" count="0"/>
        <metrics loc="60" ncloc="60" classes="1" methods="8" coveredmethods="5" conditionals="0" coveredconditionals="0" statements="12" coveredstatements="9" elements="20" coveredelements="14"/>
      </file>
    </package>
    <package name="Html\Trait">
      <file name="/home/erik-poehler/Sites/ExtendedHTMLDocument/src/Trait/DelegatorTrait.php">
        <class name="Html\Trait\DelegatorTrait" namespace="Html\Trait">
          <metrics complexity="10" methods="3" coveredmethods="2" conditionals="0" coveredconditionals="0" statements="30" coveredstatements="29" elements="33" coveredelements="31"/>
        </class>
        <line num="13" type="method" name="__call" visibility="public" complexity="5" crap="5.02" count="8"/>
        <line num="15" type="stmt" count="8"/>
        <line num="16" type="stmt" count="3"/>
        <line num="17" type="stmt" count="0"/>
        <line num="21" type="stmt" count="8"/>
        <line num="22" type="stmt" count="8"/>
        <line num="23" type="stmt" count="6"/>
        <line num="26" type="stmt" count="6"/>
        <line num="27" type="stmt" count="6"/>
        <line num="29" type="stmt" count="3"/>
        <line num="30" type="stmt" count="3"/>
        <line num="31" type="stmt" count="3"/>
        <line num="34" type="method" name="__get" visibility="public" complexity="3" crap="3" count="39"/>
        <line num="36" type="stmt" count="39"/>
        <line num="37" type="stmt" count="20"/>
        <line num="40" type="stmt" count="23"/>
        <line num="41" type="stmt" count="23"/>
        <line num="42" type="stmt" count="20"/>
        <line num="43" type="stmt" count="20"/>
        <line num="44" type="stmt" count="20"/>
        <line num="46" type="stmt" count="4"/>
        <line num="47" type="stmt" count="4"/>
        <line num="48" type="stmt" count="4"/>
        <line num="51" type="method" name="__set" visibility="public" complexity="2" crap="2" count="5"/>
        <line num="53" type="stmt" count="5"/>
        <line num="54" type="stmt" count="5"/>
        <line num="55" type="stmt" count="3"/>
        <line num="56" type="stmt" count="3"/>
        <line num="57" type="stmt" count="3"/>
        <line num="58" type="stmt" count="3"/>
        <line num="60" type="stmt" count="2"/>
        <line num="61" type="stmt" count="2"/>
        <line num="62" type="stmt" count="2"/>
        <metrics loc="65" ncloc="63" classes="1" methods="3" coveredmethods="2" conditionals="0" coveredconditionals="0" statements="30" coveredstatements="29" elements="33" coveredelements="31"/>
      </file>
      <file name="/home/erik-poehler/Sites/ExtendedHTMLDocument/src/Trait/GlobalAttributesTrait.php">
        <class name="Html\Trait\GlobalAttributesTrait" namespace="Html\Trait">
          <metrics complexity="72" methods="48" coveredmethods="47" conditionals="0" coveredconditionals="0" statements="109" coveredstatements="108" elements="157" coveredelements="155"/>
        </class>
        <line num="127" type="method" name="setId" visibility="public" complexity="1" crap="1" count="2"/>
        <line num="129" type="stmt" count="2"/>
        <line num="130" type="stmt" count="2"/>
        <line num="133" type="method" name="getId" visibility="public" complexity="1" crap="1" count="1"/>
        <line num="135" type="stmt" count="1"/>
        <line num="141" type="method" name="setClass" visibility="public" complexity="1" crap="1" count="3"/>
        <line num="143" type="stmt" count="3"/>
        <line num="144" type="stmt" count="3"/>
        <line num="147" type="method" name="getClass" visibility="public" complexity="1" crap="1" count="1"/>
        <line num="149" type="stmt" count="1"/>
        <line num="155" type="method" name="getClassName" visibility="public" complexity="1" crap="1" count="1"/>
        <line num="157" type="stmt" count="1"/>
        <line num="163" type="method" name="setClassName" visibility="public" complexity="1" crap="1" count="3"/>
        <line num="165" type="stmt" count="3"/>
        <line num="171" type="method" name="setAccessKey" visibility="public" complexity="1" crap="1" count="1"/>
        <line num="173" type="stmt" count="1"/>
        <line num="174" type="stmt" count="1"/>
        <line num="175" type="stmt" count="1"/>
        <line num="178" type="method" name="getAccessKey" visibility="public" complexity="1" crap="1" count="1"/>
        <line num="180" type="stmt" count="1"/>
        <line num="186" type="method" name="setAutoCapitalize" visibility="public" complexity="2" crap="2" count="1"/>
        <line num="188" type="stmt" count="1"/>
        <line num="189" type="stmt" count="1"/>
        <line num="191" type="stmt" count="1"/>
        <line num="192" type="stmt" count="1"/>
        <line num="193" type="stmt" count="1"/>
        <line num="196" type="method" name="getAutoCapitalize" visibility="public" complexity="1" crap="1" count="1"/>
        <line num="198" type="stmt" count="1"/>
        <line num="204" type="method" name="setContentEditable" visibility="public" complexity="6" crap="6" count="3"/>
        <line num="207" type="stmt" count="3"/>
        <line num="208" type="stmt" count="3"/>
        <line num="209" type="stmt" count="3"/>
        <line num="210" type="stmt" count="3"/>
        <line num="211" type="stmt" count="1"/>
        <line num="213" type="stmt" count="2"/>
        <line num="214" type="stmt" count="2"/>
        <line num="215" type="stmt" count="2"/>
        <line num="216" type="stmt" count="2"/>
        <line num="217" type="stmt" count="2"/>
        <line num="218" type="stmt" count="2"/>
        <line num="219" type="stmt" count="2"/>
        <line num="222" type="method" name="getContentEditable" visibility="public" complexity="1" crap="1" count="3"/>
        <line num="224" type="stmt" count="3"/>
        <line num="230" type="method" name="setDataAttribute" visibility="public" complexity="2" crap="2" count="3"/>
        <line num="232" type="stmt" count="3"/>
        <line num="233" type="stmt" count="3"/>
        <line num="234" type="stmt" count="3"/>
        <line num="236" type="stmt" count="3"/>
        <line num="239" type="method" name="getDataAttribute" visibility="public" complexity="3" crap="3" count="3"/>
        <line num="241" type="stmt" count="3"/>
        <line num="242" type="stmt" count="2"/>
        <line num="245" type="stmt" count="1"/>
        <line num="246" type="stmt" count="1"/>
        <line num="249" type="stmt" count="1"/>
        <line num="256" type="method" name="setDir" visibility="public" complexity="4" crap="4" count="2"/>
        <line num="258" type="stmt" count="2"/>
        <line num="259" type="stmt" count="1"/>
        <line num="262" type="stmt" count="1"/>
        <line num="263" type="stmt" count="1"/>
        <line num="264" type="stmt" count="1"/>
        <line num="267" type="method" name="getDir" visibility="public" complexity="1" crap="1" count="1"/>
        <line num="269" type="stmt" count="1"/>
        <line num="275" type="method" name="setDraggable" visibility="public" complexity="4" crap="4" count="1"/>
        <line num="277" type="stmt" count="1"/>
        <line num="278" type="stmt" count="1"/>
        <line num="280" type="stmt" count="1"/>
        <line num="281" type="stmt" count="1"/>
        <line num="283" type="stmt" count="1"/>
        <line num="286" type="method" name="getDraggable" visibility="public" complexity="1" crap="1" count="1"/>
        <line num="288" type="stmt" count="1"/>
        <line num="294" type="method" name="setHidden" visibility="public" complexity="2" crap="2" count="1"/>
        <line num="296" type="stmt" count="1"/>
        <line num="297" type="stmt" count="1"/>
        <line num="298" type="stmt" count="1"/>
        <line num="301" type="method" name="getHidden" visibility="public" complexity="1" crap="1" count="1"/>
        <line num="303" type="stmt" count="1"/>
        <line num="309" type="method" name="setInert" visibility="public" complexity="2" crap="2" count="1"/>
        <line num="311" type="stmt" count="1"/>
        <line num="312" type="stmt" count="1"/>
        <line num="313" type="stmt" count="1"/>
        <line num="316" type="method" name="getInert" visibility="public" complexity="1" crap="1" count="1"/>
        <line num="318" type="stmt" count="1"/>
        <line num="324" type="method" name="setInputMode" visibility="public" complexity="4" crap="4" count="2"/>
        <line num="326" type="stmt" count="2"/>
        <line num="327" type="stmt" count="1"/>
        <line num="329" type="stmt" count="1"/>
        <line num="330" type="stmt" count="1"/>
        <line num="331" type="stmt" count="1"/>
        <line num="334" type="method" name="getInputMode" visibility="public" complexity="1" crap="1" count="1"/>
        <line num="336" type="stmt" count="1"/>
        <line num="342" type="method" name="setIs" visibility="public" complexity="1" crap="1" count="1"/>
        <line num="344" type="stmt" count="1"/>
        <line num="346" type="stmt" count="1"/>
        <line num="349" type="method" name="getIs" visibility="public" complexity="1" crap="1" count="1"/>
        <line num="351" type="stmt" count="1"/>
        <line num="357" type="method" name="setLang" visibility="public" complexity="1" crap="1" count="1"/>
        <line num="359" type="stmt" count="1"/>
        <line num="361" type="stmt" count="1"/>
        <line num="364" type="method" name="getLang" visibility="public" complexity="1" crap="1" count="1"/>
        <line num="366" type="stmt" count="1"/>
        <line num="372" type="method" name="setNonce" visibility="public" complexity="1" crap="1" count="1"/>
        <line num="374" type="stmt" count="1"/>
        <line num="376" type="stmt" count="1"/>
        <line num="379" type="method" name="getNonce" visibility="public" complexity="1" crap="1" count="1"/>
        <line num="381" type="stmt" count="1"/>
        <line num="387" type="method" name="setPart" visibility="public" complexity="1" crap="1" count="1"/>
        <line num="389" type="stmt" count="1"/>
        <line num="391" type="stmt" count="1"/>
        <line num="394" type="method" name="getPart" visibility="public" complexity="1" crap="1" count="1"/>
        <line num="396" type="stmt" count="1"/>
        <line num="402" type="method" name="setPopover" visibility="public" complexity="1" crap="1" count="1"/>
        <line num="404" type="stmt" count="1"/>
        <line num="406" type="stmt" count="1"/>
        <line num="409" type="method" name="getPopover" visibility="public" complexity="1" crap="1" count="1"/>
        <line num="411" type="stmt" count="1"/>
        <line num="417" type="method" name="setRole" visibility="public" complexity="1" crap="1" count="1"/>
        <line num="419" type="stmt" count="1"/>
        <line num="421" type="stmt" count="1"/>
        <line num="424" type="method" name="getRole" visibility="public" complexity="1" crap="1" count="1"/>
        <line num="426" type="stmt" count="1"/>
        <line num="432" type="method" name="setSlot" visibility="public" complexity="1" crap="1" count="1"/>
        <line num="434" type="stmt" count="1"/>
        <line num="436" type="stmt" count="1"/>
        <line num="439" type="method" name="getSlot" visibility="public" complexity="1" crap="1" count="1"/>
        <line num="441" type="stmt" count="1"/>
        <line num="447" type="method" name="setSpellCheck" visibility="public" complexity="5" crap="5.03" count="1"/>
        <line num="449" type="stmt" count="1"/>
        <line num="450" type="stmt" count="1"/>
        <line num="452" type="stmt" count="1"/>
        <line num="453" type="stmt" count="1"/>
        <line num="454" type="stmt" count="1"/>
        <line num="456" type="stmt" count="0"/>
        <line num="458" type="stmt" count="1"/>
        <line num="459" type="stmt" count="1"/>
        <line num="460" type="stmt" count="1"/>
        <line num="463" type="method" name="getSpellCheck" visibility="public" complexity="1" crap="1" count="1"/>
        <line num="465" type="stmt" count="1"/>
        <line num="471" type="method" name="setStyle" visibility="public" complexity="1" crap="1" count="1"/>
        <line num="473" type="stmt" count="1"/>
        <line num="475" type="stmt" count="1"/>
        <line num="478" type="method" name="getStyle" visibility="public" complexity="1" crap="1" count="1"/>
        <line num="480" type="stmt" count="1"/>
        <line num="486" type="method" name="setTabIndex" visibility="public" complexity="1" crap="1" count="1"/>
        <line num="488" type="stmt" count="1"/>
        <line num="490" type="stmt" count="1"/>
        <line num="493" type="method" name="getTabIndex" visibility="public" complexity="1" crap="1" count="1"/>
        <line num="495" type="stmt" count="1"/>
        <line num="501" type="method" name="setTitle" visibility="public" complexity="1" crap="1" count="1"/>
        <line num="503" type="stmt" count="1"/>
        <line num="504" type="stmt" count="1"/>
        <line num="507" type="method" name="getTitle" visibility="public" complexity="1" crap="1" count="1"/>
        <line num="509" type="stmt" count="1"/>
        <line num="515" type="method" name="setTranslate" visibility="public" complexity="1" crap="1" count="1"/>
        <line num="517" type="stmt" count="1"/>
        <line num="519" type="stmt" count="1"/>
        <line num="522" type="method" name="getTranslate" visibility="public" complexity="1" crap="1" count="1"/>
        <line num="524" type="stmt" count="1"/>
        <metrics loc="527" ncloc="372" classes="1" methods="48" coveredmethods="47" conditionals="0" coveredconditionals="0" statements="109" coveredstatements="108" elements="157" coveredelements="155"/>
      </file>
      <file name="/home/erik-poehler/Sites/ExtendedHTMLDocument/src/Trait/NativePropertiesTrait.php">
        <class name="Html\Trait\NativePropertiesTrait" namespace="Html\Trait">
          <metrics complexity="6" methods="6" coveredmethods="6" conditionals="0" coveredconditionals="0" statements="9" coveredstatements="9" elements="15" coveredelements="15"/>
        </class>
        <line num="17" type="method" name="setTextContent" visibility="public" complexity="1" crap="1" count="2"/>
        <line num="19" type="stmt" count="2"/>
        <line num="20" type="stmt" count="2"/>
        <line num="23" type="method" name="getTextContent" visibility="public" complexity="1" crap="1" count="1"/>
        <line num="25" type="stmt" count="1"/>
        <line num="28" type="method" name="getInnerHTML" visibility="public" complexity="1" crap="1" count="1"/>
        <line num="30" type="stmt" count="1"/>
        <line num="33" type="method" name="setInnerHTML" visibility="public" complexity="1" crap="1" count="1"/>
        <line num="35" type="stmt" count="1"/>
        <line num="36" type="stmt" count="1"/>
        <line num="42" type="method" name="getSubstitutedNodeValue" visibility="public" complexity="1" crap="1" count="1"/>
        <line num="44" type="stmt" count="1"/>
        <line num="47" type="method" name="setSubstitutedNodeValue" visibility="public" complexity="1" crap="1" count="1"/>
        <line num="49" type="stmt" count="1"/>
        <line num="50" type="stmt" count="1"/>
        <metrics loc="53" ncloc="40" classes="1" methods="6" coveredmethods="6" conditionals="0" coveredconditionals="0" statements="9" coveredstatements="9" elements="15" coveredelements="15"/>
      </file>
    </package>
    <metrics files="40" loc="2347" ncloc="1748" classes="35" methods="138" coveredmethods="121" conditionals="0" coveredconditionals="0" statements="423" coveredstatements="385" elements="561" coveredelements="506"/>
  </project>
</coverage>
